{"/home/txny/Desktop/ATLP/learn-express/index.js": {"path":"/home/txny/Desktop/ATLP/learn-express/index.js","statementMap":{"0":{"start":{"line":13,"column":0},"end":{"line":13,"column":16}},"1":{"start":{"line":15,"column":17},"end":{"line":16,"column":63}},"2":{"start":{"line":16,"column":4},"end":{"line":16,"column":63}},"3":{"start":{"line":17,"column":24},"end":{"line":17,"column":50}},"4":{"start":{"line":20,"column":12},"end":{"line":20,"column":21}},"5":{"start":{"line":22,"column":12},"end":{"line":22,"column":14}},"6":{"start":{"line":23,"column":0},"end":{"line":27,"column":1}},"7":{"start":{"line":24,"column":4},"end":{"line":24,"column":49}},"8":{"start":{"line":26,"column":4},"end":{"line":26,"column":140}},"9":{"start":{"line":29,"column":0},"end":{"line":34,"column":76}},"10":{"start":{"line":32,"column":8},"end":{"line":32,"column":36}},"11":{"start":{"line":34,"column":20},"end":{"line":34,"column":74}},"12":{"start":{"line":36,"column":0},"end":{"line":36,"column":35}},"13":{"start":{"line":37,"column":0},"end":{"line":37,"column":23}},"14":{"start":{"line":38,"column":0},"end":{"line":38,"column":47}},"15":{"start":{"line":40,"column":0},"end":{"line":40,"column":24}},"16":{"start":{"line":41,"column":0},"end":{"line":41,"column":49}},"17":{"start":{"line":42,"column":0},"end":{"line":46,"column":2}},"18":{"start":{"line":48,"column":0},"end":{"line":48,"column":38}},"19":{"start":{"line":49,"column":0},"end":{"line":49,"column":44}},"20":{"start":{"line":50,"column":0},"end":{"line":50,"column":36}},"21":{"start":{"line":51,"column":0},"end":{"line":51,"column":75}},"22":{"start":{"line":53,"column":0},"end":{"line":55,"column":3}},"23":{"start":{"line":54,"column":4},"end":{"line":54,"column":56}},"24":{"start":{"line":56,"column":0},"end":{"line":59,"column":3}},"25":{"start":{"line":57,"column":4},"end":{"line":57,"column":34}},"26":{"start":{"line":58,"column":4},"end":{"line":58,"column":29}}},"fnMap":{"0":{"name":"(anonymous_0)","decl":{"start":{"line":15,"column":17},"end":{"line":15,"column":18}},"loc":{"start":{"line":16,"column":4},"end":{"line":16,"column":63}},"line":16},"1":{"name":"(anonymous_1)","decl":{"start":{"line":31,"column":10},"end":{"line":31,"column":11}},"loc":{"start":{"line":31,"column":16},"end":{"line":33,"column":5}},"line":31},"2":{"name":"(anonymous_2)","decl":{"start":{"line":34,"column":11},"end":{"line":34,"column":12}},"loc":{"start":{"line":34,"column":20},"end":{"line":34,"column":74}},"line":34},"3":{"name":"(anonymous_3)","decl":{"start":{"line":53,"column":13},"end":{"line":53,"column":14}},"loc":{"start":{"line":53,"column":27},"end":{"line":55,"column":1}},"line":53},"4":{"name":"(anonymous_4)","decl":{"start":{"line":56,"column":8},"end":{"line":56,"column":9}},"loc":{"start":{"line":56,"column":33},"end":{"line":59,"column":1}},"line":56}},"branchMap":{"0":{"loc":{"start":{"line":23,"column":0},"end":{"line":27,"column":1}},"type":"if","locations":[{"start":{"line":23,"column":0},"end":{"line":27,"column":1}},{"start":{"line":25,"column":7},"end":{"line":27,"column":1}}],"line":23},"1":{"loc":{"start":{"line":23,"column":4},"end":{"line":23,"column":59}},"type":"binary-expr","locations":[{"start":{"line":23,"column":4},"end":{"line":23,"column":34}},{"start":{"line":23,"column":38},"end":{"line":23,"column":59}}],"line":23},"2":{"loc":{"start":{"line":57,"column":15},"end":{"line":57,"column":32}},"type":"binary-expr","locations":[{"start":{"line":57,"column":15},"end":{"line":57,"column":25}},{"start":{"line":57,"column":29},"end":{"line":57,"column":32}}],"line":57}},"s":{"0":1,"1":1,"2":1,"3":1,"4":1,"5":1,"6":1,"7":1,"8":0,"9":1,"10":1,"11":0,"12":1,"13":1,"14":1,"15":1,"16":1,"17":1,"18":1,"19":1,"20":1,"21":1,"22":1,"23":0,"24":1,"25":6,"26":6},"f":{"0":1,"1":1,"2":0,"3":0,"4":6},"b":{"0":[1,0],"1":[1,0],"2":[6,6]},"_coverageSchema":"1a1c01bbd47fc00a2c39e90264f33305004495a9","hash":"b23ab43cf65c9daddab4775e3b416a0f9d28be2d"}
,"/home/txny/Desktop/ATLP/learn-express/auth/auth.js": {"path":"/home/txny/Desktop/ATLP/learn-express/auth/auth.js","statementMap":{"0":{"start":{"line":7,"column":0},"end":{"line":7,"column":16}},"1":{"start":{"line":9,"column":17},"end":{"line":17,"column":1}},"2":{"start":{"line":10,"column":4},"end":{"line":16,"column":6}},"3":{"start":{"line":18,"column":23},"end":{"line":43,"column":1}},"4":{"start":{"line":24,"column":8},"end":{"line":41,"column":9}},"5":{"start":{"line":25,"column":25},"end":{"line":25,"column":54}},"6":{"start":{"line":26,"column":12},"end":{"line":26,"column":79}},"7":{"start":{"line":26,"column":22},"end":{"line":26,"column":79}},"8":{"start":{"line":27,"column":12},"end":{"line":38,"column":15}},"9":{"start":{"line":28,"column":16},"end":{"line":28,"column":42}},"10":{"start":{"line":28,"column":25},"end":{"line":28,"column":42}},"11":{"start":{"line":29,"column":16},"end":{"line":37,"column":19}},"12":{"start":{"line":30,"column":20},"end":{"line":30,"column":46}},"13":{"start":{"line":30,"column":29},"end":{"line":30,"column":46}},"14":{"start":{"line":32,"column":36},"end":{"line":32,"column":78}},"15":{"start":{"line":33,"column":20},"end":{"line":33,"column":35}},"16":{"start":{"line":35,"column":34},"end":{"line":35,"column":51}},"17":{"start":{"line":36,"column":20},"end":{"line":36,"column":45}},"18":{"start":{"line":40,"column":12},"end":{"line":40,"column":24}},"19":{"start":{"line":45,"column":28},"end":{"line":65,"column":1}},"20":{"start":{"line":46,"column":32},"end":{"line":46,"column":59}},"21":{"start":{"line":48,"column":4},"end":{"line":50,"column":5}},"22":{"start":{"line":49,"column":8},"end":{"line":49,"column":62}},"23":{"start":{"line":51,"column":4},"end":{"line":64,"column":5}},"24":{"start":{"line":52,"column":22},"end":{"line":52,"column":69}},"25":{"start":{"line":53,"column":8},"end":{"line":61,"column":11}},"26":{"start":{"line":54,"column":12},"end":{"line":57,"column":77}},"27":{"start":{"line":55,"column":16},"end":{"line":57,"column":77}},"28":{"start":{"line":59,"column":12},"end":{"line":59,"column":28}},"29":{"start":{"line":60,"column":12},"end":{"line":60,"column":19}},"30":{"start":{"line":63,"column":8},"end":{"line":63,"column":78}},"31":{"start":{"line":67,"column":22},"end":{"line":67,"column":60}}},"fnMap":{"0":{"name":"(anonymous_0)","decl":{"start":{"line":9,"column":17},"end":{"line":9,"column":18}},"loc":{"start":{"line":9,"column":27},"end":{"line":17,"column":1}},"line":9},"1":{"name":"(anonymous_1)","decl":{"start":{"line":23,"column":4},"end":{"line":23,"column":5}},"loc":{"start":{"line":23,"column":37},"end":{"line":42,"column":5}},"line":23},"2":{"name":"(anonymous_2)","decl":{"start":{"line":27,"column":31},"end":{"line":27,"column":32}},"loc":{"start":{"line":27,"column":46},"end":{"line":38,"column":13}},"line":27},"3":{"name":"(anonymous_3)","decl":{"start":{"line":29,"column":44},"end":{"line":29,"column":45}},"loc":{"start":{"line":29,"column":59},"end":{"line":37,"column":17}},"line":29},"4":{"name":"(anonymous_4)","decl":{"start":{"line":45,"column":28},"end":{"line":45,"column":29}},"loc":{"start":{"line":45,"column":48},"end":{"line":65,"column":1}},"line":45},"5":{"name":"(anonymous_5)","decl":{"start":{"line":53,"column":48},"end":{"line":53,"column":49}},"loc":{"start":{"line":53,"column":63},"end":{"line":61,"column":9}},"line":53}},"branchMap":{"0":{"loc":{"start":{"line":26,"column":12},"end":{"line":26,"column":79}},"type":"if","locations":[{"start":{"line":26,"column":12},"end":{"line":26,"column":79}},{"start":{},"end":{}}],"line":26},"1":{"loc":{"start":{"line":28,"column":16},"end":{"line":28,"column":42}},"type":"if","locations":[{"start":{"line":28,"column":16},"end":{"line":28,"column":42}},{"start":{},"end":{}}],"line":28},"2":{"loc":{"start":{"line":30,"column":20},"end":{"line":30,"column":46}},"type":"if","locations":[{"start":{"line":30,"column":20},"end":{"line":30,"column":46}},{"start":{},"end":{}}],"line":30},"3":{"loc":{"start":{"line":48,"column":4},"end":{"line":50,"column":5}},"type":"if","locations":[{"start":{"line":48,"column":4},"end":{"line":50,"column":5}},{"start":{},"end":{}}],"line":48},"4":{"loc":{"start":{"line":54,"column":12},"end":{"line":57,"column":77}},"type":"if","locations":[{"start":{"line":54,"column":12},"end":{"line":57,"column":77}},{"start":{},"end":{}}],"line":54}},"s":{"0":1,"1":1,"2":1,"3":1,"4":2,"5":2,"6":2,"7":1,"8":1,"9":1,"10":0,"11":1,"12":1,"13":0,"14":1,"15":1,"16":1,"17":1,"18":0,"19":1,"20":25,"21":25,"22":5,"23":25,"24":25,"25":20,"26":20,"27":5,"28":15,"29":15,"30":5,"31":1},"f":{"0":1,"1":2,"2":1,"3":1,"4":25,"5":20},"b":{"0":[1,1],"1":[0,1],"2":[0,1],"3":[5,20],"4":[5,15]},"_coverageSchema":"1a1c01bbd47fc00a2c39e90264f33305004495a9","hash":"2fb964e2f4188950fc623df96cd4d162e991bcfb"}
,"/home/txny/Desktop/ATLP/learn-express/controllers/authController.js": {"path":"/home/txny/Desktop/ATLP/learn-express/controllers/authController.js","statementMap":{"0":{"start":{"line":5,"column":16},"end":{"line":5,"column":30}},"1":{"start":{"line":6,"column":13},"end":{"line":6,"column":21}},"2":{"start":{"line":8,"column":27},"end":{"line":13,"column":1}},"3":{"start":{"line":9,"column":4},"end":{"line":12,"column":7}},"4":{"start":{"line":15,"column":26},"end":{"line":35,"column":1}},"5":{"start":{"line":16,"column":18},"end":{"line":16,"column":32}},"6":{"start":{"line":17,"column":4},"end":{"line":34,"column":5}},"7":{"start":{"line":18,"column":21},"end":{"line":18,"column":57}},"8":{"start":{"line":19,"column":8},"end":{"line":21,"column":9}},"9":{"start":{"line":20,"column":12},"end":{"line":20,"column":67}},"10":{"start":{"line":22,"column":8},"end":{"line":31,"column":71}},"11":{"start":{"line":23,"column":29},"end":{"line":23,"column":64}},"12":{"start":{"line":24,"column":26},"end":{"line":24,"column":54}},"13":{"start":{"line":25,"column":12},"end":{"line":29,"column":15}},"14":{"start":{"line":31,"column":13},"end":{"line":31,"column":71}},"15":{"start":{"line":33,"column":8},"end":{"line":33,"column":52}}},"fnMap":{"0":{"name":"(anonymous_0)","decl":{"start":{"line":8,"column":27},"end":{"line":8,"column":28}},"loc":{"start":{"line":8,"column":53},"end":{"line":13,"column":1}},"line":8},"1":{"name":"(anonymous_1)","decl":{"start":{"line":15,"column":26},"end":{"line":15,"column":27}},"loc":{"start":{"line":15,"column":52},"end":{"line":35,"column":1}},"line":15}},"branchMap":{"0":{"loc":{"start":{"line":19,"column":8},"end":{"line":21,"column":9}},"type":"if","locations":[{"start":{"line":19,"column":8},"end":{"line":21,"column":9}},{"start":{},"end":{}}],"line":19},"1":{"loc":{"start":{"line":22,"column":8},"end":{"line":31,"column":71}},"type":"if","locations":[{"start":{"line":22,"column":8},"end":{"line":31,"column":71}},{"start":{"line":31,"column":13},"end":{"line":31,"column":71}}],"line":22}},"s":{"0":1,"1":1,"2":1,"3":1,"4":1,"5":3,"6":3,"7":3,"8":3,"9":2,"10":1,"11":1,"12":1,"13":1,"14":0,"15":0},"f":{"0":1,"1":3},"b":{"0":[2,1],"1":[1,0]},"_coverageSchema":"1a1c01bbd47fc00a2c39e90264f33305004495a9","hash":"88e2f6cfef1fb672882ed1b3716444e1238e0752"}
,"/home/txny/Desktop/ATLP/learn-express/controllers/blogController.js": {"path":"/home/txny/Desktop/ATLP/learn-express/controllers/blogController.js","statementMap":{"0":{"start":{"line":7,"column":0},"end":{"line":7,"column":16}},"1":{"start":{"line":9,"column":0},"end":{"line":13,"column":3}},"2":{"start":{"line":15,"column":16},"end":{"line":22,"column":2}},"3":{"start":{"line":17,"column":8},"end":{"line":17,"column":31}},"4":{"start":{"line":20,"column":8},"end":{"line":20,"column":36}},"5":{"start":{"line":23,"column":19},"end":{"line":33,"column":1}},"6":{"start":{"line":24,"column":4},"end":{"line":32,"column":5}},"7":{"start":{"line":29,"column":8},"end":{"line":29,"column":23}},"8":{"start":{"line":31,"column":8},"end":{"line":31,"column":56}},"9":{"start":{"line":34,"column":22},"end":{"line":38,"column":2}},"10":{"start":{"line":40,"column":27},"end":{"line":64,"column":1}},"11":{"start":{"line":41,"column":21},"end":{"line":45,"column":10}},"12":{"start":{"line":44,"column":12},"end":{"line":44,"column":30}},"13":{"start":{"line":46,"column":17},"end":{"line":50,"column":6}},"14":{"start":{"line":51,"column":4},"end":{"line":63,"column":11}},"15":{"start":{"line":53,"column":12},"end":{"line":55,"column":75}},"16":{"start":{"line":58,"column":26},"end":{"line":58,"column":44}},"17":{"start":{"line":59,"column":12},"end":{"line":61,"column":13}},"18":{"start":{"line":60,"column":16},"end":{"line":60,"column":56}},"19":{"start":{"line":62,"column":12},"end":{"line":62,"column":58}},"20":{"start":{"line":66,"column":25},"end":{"line":70,"column":1}},"21":{"start":{"line":67,"column":4},"end":{"line":69,"column":62}},"22":{"start":{"line":68,"column":29},"end":{"line":68,"column":75}},"23":{"start":{"line":69,"column":24},"end":{"line":69,"column":60}},"24":{"start":{"line":71,"column":28},"end":{"line":78,"column":1}},"25":{"start":{"line":72,"column":15},"end":{"line":72,"column":28}},"26":{"start":{"line":73,"column":4},"end":{"line":77,"column":10}},"27":{"start":{"line":74,"column":24},"end":{"line":74,"column":60}},"28":{"start":{"line":76,"column":12},"end":{"line":76,"column":75}},"29":{"start":{"line":79,"column":27},"end":{"line":106,"column":1}},"30":{"start":{"line":80,"column":15},"end":{"line":80,"column":28}},"31":{"start":{"line":81,"column":21},"end":{"line":85,"column":10}},"32":{"start":{"line":84,"column":12},"end":{"line":84,"column":30}},"33":{"start":{"line":86,"column":4},"end":{"line":105,"column":10}},"34":{"start":{"line":88,"column":12},"end":{"line":88,"column":60}},"35":{"start":{"line":88,"column":32},"end":{"line":88,"column":60}},"36":{"start":{"line":89,"column":12},"end":{"line":89,"column":66}},"37":{"start":{"line":89,"column":34},"end":{"line":89,"column":66}},"38":{"start":{"line":90,"column":12},"end":{"line":90,"column":46}},"39":{"start":{"line":90,"column":26},"end":{"line":90,"column":46}},"40":{"start":{"line":92,"column":12},"end":{"line":98,"column":18}},"41":{"start":{"line":93,"column":32},"end":{"line":93,"column":68}},"42":{"start":{"line":95,"column":20},"end":{"line":97,"column":76}},"43":{"start":{"line":101,"column":12},"end":{"line":104,"column":14}},"44":{"start":{"line":107,"column":27},"end":{"line":127,"column":1}},"45":{"start":{"line":108,"column":15},"end":{"line":108,"column":28}},"46":{"start":{"line":109,"column":17},"end":{"line":109,"column":34}},"47":{"start":{"line":110,"column":25},"end":{"line":110,"column":38}},"48":{"start":{"line":111,"column":4},"end":{"line":117,"column":5}},"49":{"start":{"line":112,"column":8},"end":{"line":116,"column":11}},"50":{"start":{"line":113,"column":12},"end":{"line":115,"column":70}},"51":{"start":{"line":114,"column":34},"end":{"line":114,"column":49}},"52":{"start":{"line":115,"column":32},"end":{"line":115,"column":68}},"53":{"start":{"line":118,"column":4},"end":{"line":126,"column":10}},"54":{"start":{"line":120,"column":12},"end":{"line":122,"column":72}},"55":{"start":{"line":125,"column":12},"end":{"line":125,"column":75}}},"fnMap":{"0":{"name":"(anonymous_0)","decl":{"start":{"line":16,"column":17},"end":{"line":16,"column":18}},"loc":{"start":{"line":16,"column":36},"end":{"line":18,"column":5}},"line":16},"1":{"name":"(anonymous_1)","decl":{"start":{"line":19,"column":14},"end":{"line":19,"column":15}},"loc":{"start":{"line":19,"column":33},"end":{"line":21,"column":5}},"line":19},"2":{"name":"(anonymous_2)","decl":{"start":{"line":23,"column":19},"end":{"line":23,"column":20}},"loc":{"start":{"line":23,"column":38},"end":{"line":33,"column":1}},"line":23},"3":{"name":"(anonymous_3)","decl":{"start":{"line":40,"column":27},"end":{"line":40,"column":28}},"loc":{"start":{"line":40,"column":47},"end":{"line":64,"column":1}},"line":40},"4":{"name":"(anonymous_4)","decl":{"start":{"line":43,"column":14},"end":{"line":43,"column":15}},"loc":{"start":{"line":43,"column":26},"end":{"line":45,"column":9}},"line":43},"5":{"name":"(anonymous_5)","decl":{"start":{"line":52,"column":14},"end":{"line":52,"column":15}},"loc":{"start":{"line":53,"column":12},"end":{"line":55,"column":75}},"line":53},"6":{"name":"(anonymous_6)","decl":{"start":{"line":57,"column":15},"end":{"line":57,"column":16}},"loc":{"start":{"line":57,"column":24},"end":{"line":63,"column":9}},"line":57},"7":{"name":"(anonymous_7)","decl":{"start":{"line":66,"column":25},"end":{"line":66,"column":26}},"loc":{"start":{"line":66,"column":39},"end":{"line":70,"column":1}},"line":66},"8":{"name":"(anonymous_8)","decl":{"start":{"line":68,"column":14},"end":{"line":68,"column":15}},"loc":{"start":{"line":68,"column":29},"end":{"line":68,"column":75}},"line":68},"9":{"name":"(anonymous_9)","decl":{"start":{"line":69,"column":15},"end":{"line":69,"column":16}},"loc":{"start":{"line":69,"column":24},"end":{"line":69,"column":60}},"line":69},"10":{"name":"(anonymous_10)","decl":{"start":{"line":71,"column":28},"end":{"line":71,"column":29}},"loc":{"start":{"line":71,"column":42},"end":{"line":78,"column":1}},"line":71},"11":{"name":"(anonymous_11)","decl":{"start":{"line":74,"column":14},"end":{"line":74,"column":15}},"loc":{"start":{"line":74,"column":24},"end":{"line":74,"column":60}},"line":74},"12":{"name":"(anonymous_12)","decl":{"start":{"line":75,"column":15},"end":{"line":75,"column":16}},"loc":{"start":{"line":76,"column":12},"end":{"line":76,"column":75}},"line":76},"13":{"name":"(anonymous_13)","decl":{"start":{"line":79,"column":27},"end":{"line":79,"column":28}},"loc":{"start":{"line":79,"column":47},"end":{"line":106,"column":1}},"line":79},"14":{"name":"(anonymous_14)","decl":{"start":{"line":83,"column":14},"end":{"line":83,"column":15}},"loc":{"start":{"line":83,"column":26},"end":{"line":85,"column":9}},"line":83},"15":{"name":"(anonymous_15)","decl":{"start":{"line":87,"column":14},"end":{"line":87,"column":15}},"loc":{"start":{"line":87,"column":24},"end":{"line":99,"column":9}},"line":87},"16":{"name":"(anonymous_16)","decl":{"start":{"line":93,"column":22},"end":{"line":93,"column":23}},"loc":{"start":{"line":93,"column":32},"end":{"line":93,"column":68}},"line":93},"17":{"name":"(anonymous_17)","decl":{"start":{"line":94,"column":23},"end":{"line":94,"column":24}},"loc":{"start":{"line":95,"column":20},"end":{"line":97,"column":76}},"line":95},"18":{"name":"(anonymous_18)","decl":{"start":{"line":100,"column":15},"end":{"line":100,"column":16}},"loc":{"start":{"line":101,"column":12},"end":{"line":104,"column":14}},"line":101},"19":{"name":"(anonymous_19)","decl":{"start":{"line":107,"column":27},"end":{"line":107,"column":28}},"loc":{"start":{"line":107,"column":41},"end":{"line":127,"column":1}},"line":107},"20":{"name":"(anonymous_20)","decl":{"start":{"line":112,"column":29},"end":{"line":112,"column":30}},"loc":{"start":{"line":112,"column":42},"end":{"line":116,"column":9}},"line":112},"21":{"name":"(anonymous_21)","decl":{"start":{"line":114,"column":22},"end":{"line":114,"column":23}},"loc":{"start":{"line":114,"column":34},"end":{"line":114,"column":49}},"line":114},"22":{"name":"(anonymous_22)","decl":{"start":{"line":115,"column":23},"end":{"line":115,"column":24}},"loc":{"start":{"line":115,"column":32},"end":{"line":115,"column":68}},"line":115},"23":{"name":"(anonymous_23)","decl":{"start":{"line":119,"column":14},"end":{"line":119,"column":15}},"loc":{"start":{"line":120,"column":12},"end":{"line":122,"column":72}},"line":120},"24":{"name":"(anonymous_24)","decl":{"start":{"line":124,"column":15},"end":{"line":124,"column":16}},"loc":{"start":{"line":125,"column":12},"end":{"line":125,"column":75}},"line":125}},"branchMap":{"0":{"loc":{"start":{"line":24,"column":4},"end":{"line":32,"column":5}},"type":"if","locations":[{"start":{"line":24,"column":4},"end":{"line":32,"column":5}},{"start":{"line":30,"column":11},"end":{"line":32,"column":5}}],"line":24},"1":{"loc":{"start":{"line":25,"column":8},"end":{"line":27,"column":38}},"type":"binary-expr","locations":[{"start":{"line":25,"column":8},"end":{"line":25,"column":38}},{"start":{"line":26,"column":8},"end":{"line":26,"column":37}},{"start":{"line":27,"column":8},"end":{"line":27,"column":38}}],"line":25},"2":{"loc":{"start":{"line":59,"column":12},"end":{"line":61,"column":13}},"type":"if","locations":[{"start":{"line":59,"column":12},"end":{"line":61,"column":13}},{"start":{},"end":{}}],"line":59},"3":{"loc":{"start":{"line":88,"column":12},"end":{"line":88,"column":60}},"type":"if","locations":[{"start":{"line":88,"column":12},"end":{"line":88,"column":60}},{"start":{},"end":{}}],"line":88},"4":{"loc":{"start":{"line":89,"column":12},"end":{"line":89,"column":66}},"type":"if","locations":[{"start":{"line":89,"column":12},"end":{"line":89,"column":66}},{"start":{},"end":{}}],"line":89},"5":{"loc":{"start":{"line":90,"column":12},"end":{"line":90,"column":46}},"type":"if","locations":[{"start":{"line":90,"column":12},"end":{"line":90,"column":46}},{"start":{},"end":{}}],"line":90},"6":{"loc":{"start":{"line":111,"column":4},"end":{"line":117,"column":5}},"type":"if","locations":[{"start":{"line":111,"column":4},"end":{"line":117,"column":5}},{"start":{},"end":{}}],"line":111}},"s":{"0":1,"1":1,"2":1,"3":5,"4":5,"5":1,"6":5,"7":5,"8":0,"9":1,"10":1,"11":2,"12":2,"13":2,"14":2,"15":1,"16":1,"17":1,"18":1,"19":1,"20":1,"21":11,"22":11,"23":0,"24":1,"25":2,"26":2,"27":1,"28":1,"29":1,"30":2,"31":2,"32":2,"33":2,"34":1,"35":1,"36":1,"37":1,"38":1,"39":1,"40":1,"41":1,"42":0,"43":1,"44":1,"45":2,"46":2,"47":2,"48":2,"49":0,"50":0,"51":0,"52":0,"53":2,"54":1,"55":1},"f":{"0":5,"1":5,"2":5,"3":2,"4":2,"5":1,"6":1,"7":11,"8":11,"9":0,"10":2,"11":1,"12":1,"13":2,"14":2,"15":1,"16":1,"17":0,"18":1,"19":2,"20":0,"21":0,"22":0,"23":1,"24":1},"b":{"0":[5,0],"1":[5,0,0],"2":[1,0],"3":[1,0],"4":[1,0],"5":[1,0],"6":[0,2]},"_coverageSchema":"1a1c01bbd47fc00a2c39e90264f33305004495a9","hash":"8e3116c3032f06df78954dbc2d06da2843daaed6"}
,"/home/txny/Desktop/ATLP/learn-express/controllers/commentController.js": {"path":"/home/txny/Desktop/ATLP/learn-express/controllers/commentController.js","statementMap":{"0":{"start":{"line":4,"column":30},"end":{"line":27,"column":1}},"1":{"start":{"line":5,"column":19},"end":{"line":5,"column":32}},"2":{"start":{"line":6,"column":20},"end":{"line":10,"column":6}},"3":{"start":{"line":11,"column":17},"end":{"line":11,"column":37}},"4":{"start":{"line":12,"column":4},"end":{"line":26,"column":68}},"5":{"start":{"line":13,"column":8},"end":{"line":25,"column":14}},"6":{"start":{"line":16,"column":16},"end":{"line":18,"column":19}},"7":{"start":{"line":19,"column":16},"end":{"line":19,"column":63}},"8":{"start":{"line":22,"column":16},"end":{"line":24,"column":71}},"9":{"start":{"line":26,"column":11},"end":{"line":26,"column":68}},"10":{"start":{"line":29,"column":28},"end":{"line":42,"column":1}},"11":{"start":{"line":30,"column":19},"end":{"line":30,"column":32}},"12":{"start":{"line":31,"column":4},"end":{"line":41,"column":62}},"13":{"start":{"line":33,"column":29},"end":{"line":33,"column":31}},"14":{"start":{"line":34,"column":33},"end":{"line":34,"column":46}},"15":{"start":{"line":35,"column":12},"end":{"line":38,"column":13}},"16":{"start":{"line":35,"column":25},"end":{"line":35,"column":26}},"17":{"start":{"line":36,"column":36},"end":{"line":36,"column":75}},"18":{"start":{"line":37,"column":16},"end":{"line":37,"column":43}},"19":{"start":{"line":39,"column":12},"end":{"line":39,"column":57}},"20":{"start":{"line":41,"column":24},"end":{"line":41,"column":60}}},"fnMap":{"0":{"name":"(anonymous_0)","decl":{"start":{"line":4,"column":30},"end":{"line":4,"column":31}},"loc":{"start":{"line":4,"column":44},"end":{"line":27,"column":1}},"line":4},"1":{"name":"(anonymous_1)","decl":{"start":{"line":15,"column":18},"end":{"line":15,"column":19}},"loc":{"start":{"line":15,"column":34},"end":{"line":20,"column":13}},"line":15},"2":{"name":"(anonymous_2)","decl":{"start":{"line":21,"column":19},"end":{"line":21,"column":20}},"loc":{"start":{"line":22,"column":16},"end":{"line":24,"column":71}},"line":22},"3":{"name":"(anonymous_3)","decl":{"start":{"line":29,"column":28},"end":{"line":29,"column":29}},"loc":{"start":{"line":29,"column":42},"end":{"line":42,"column":1}},"line":29},"4":{"name":"(anonymous_4)","decl":{"start":{"line":32,"column":14},"end":{"line":32,"column":15}},"loc":{"start":{"line":32,"column":30},"end":{"line":40,"column":9}},"line":32},"5":{"name":"(anonymous_5)","decl":{"start":{"line":41,"column":15},"end":{"line":41,"column":16}},"loc":{"start":{"line":41,"column":24},"end":{"line":41,"column":60}},"line":41}},"branchMap":{"0":{"loc":{"start":{"line":12,"column":4},"end":{"line":26,"column":68}},"type":"if","locations":[{"start":{"line":12,"column":4},"end":{"line":26,"column":68}},{"start":{"line":26,"column":11},"end":{"line":26,"column":68}}],"line":12}},"s":{"0":1,"1":2,"2":2,"3":2,"4":2,"5":2,"6":1,"7":1,"8":1,"9":0,"10":1,"11":2,"12":2,"13":1,"14":1,"15":1,"16":1,"17":1,"18":1,"19":1,"20":1},"f":{"0":2,"1":1,"2":1,"3":2,"4":1,"5":1},"b":{"0":[2,0]},"_coverageSchema":"1a1c01bbd47fc00a2c39e90264f33305004495a9","hash":"6bce3dec09606492d609b59dbfa089204fd1492e"}
,"/home/txny/Desktop/ATLP/learn-express/controllers/likeController.js": {"path":"/home/txny/Desktop/ATLP/learn-express/controllers/likeController.js","statementMap":{"0":{"start":{"line":3,"column":20},"end":{"line":17,"column":1}},"1":{"start":{"line":4,"column":19},"end":{"line":4,"column":32}},"2":{"start":{"line":5,"column":17},"end":{"line":5,"column":37}},"3":{"start":{"line":6,"column":4},"end":{"line":16,"column":68}},"4":{"start":{"line":7,"column":8},"end":{"line":15,"column":14}},"5":{"start":{"line":9,"column":16},"end":{"line":11,"column":75}},"6":{"start":{"line":14,"column":16},"end":{"line":14,"column":79}},"7":{"start":{"line":16,"column":11},"end":{"line":16,"column":68}},"8":{"start":{"line":19,"column":27},"end":{"line":32,"column":1}},"9":{"start":{"line":20,"column":19},"end":{"line":20,"column":32}},"10":{"start":{"line":21,"column":17},"end":{"line":21,"column":37}},"11":{"start":{"line":22,"column":4},"end":{"line":31,"column":68}},"12":{"start":{"line":23,"column":8},"end":{"line":30,"column":14}},"13":{"start":{"line":24,"column":28},"end":{"line":24,"column":71}},"14":{"start":{"line":26,"column":16},"end":{"line":29,"column":18}},"15":{"start":{"line":31,"column":11},"end":{"line":31,"column":68}},"16":{"start":{"line":33,"column":22},"end":{"line":48,"column":1}},"17":{"start":{"line":34,"column":17},"end":{"line":34,"column":30}},"18":{"start":{"line":35,"column":17},"end":{"line":35,"column":37}},"19":{"start":{"line":36,"column":4},"end":{"line":47,"column":5}},"20":{"start":{"line":37,"column":8},"end":{"line":39,"column":9}},"21":{"start":{"line":38,"column":12},"end":{"line":38,"column":65}},"22":{"start":{"line":40,"column":8},"end":{"line":46,"column":14}},"23":{"start":{"line":42,"column":16},"end":{"line":42,"column":88}},"24":{"start":{"line":45,"column":16},"end":{"line":45,"column":81}}},"fnMap":{"0":{"name":"(anonymous_0)","decl":{"start":{"line":3,"column":20},"end":{"line":3,"column":21}},"loc":{"start":{"line":3,"column":34},"end":{"line":17,"column":1}},"line":3},"1":{"name":"(anonymous_1)","decl":{"start":{"line":8,"column":18},"end":{"line":8,"column":19}},"loc":{"start":{"line":9,"column":16},"end":{"line":11,"column":75}},"line":9},"2":{"name":"(anonymous_2)","decl":{"start":{"line":13,"column":19},"end":{"line":13,"column":20}},"loc":{"start":{"line":14,"column":16},"end":{"line":14,"column":79}},"line":14},"3":{"name":"(anonymous_3)","decl":{"start":{"line":19,"column":27},"end":{"line":19,"column":28}},"loc":{"start":{"line":19,"column":41},"end":{"line":32,"column":1}},"line":19},"4":{"name":"(anonymous_4)","decl":{"start":{"line":24,"column":18},"end":{"line":24,"column":19}},"loc":{"start":{"line":24,"column":28},"end":{"line":24,"column":71}},"line":24},"5":{"name":"(anonymous_5)","decl":{"start":{"line":25,"column":19},"end":{"line":25,"column":20}},"loc":{"start":{"line":26,"column":16},"end":{"line":29,"column":18}},"line":26},"6":{"name":"(anonymous_6)","decl":{"start":{"line":33,"column":22},"end":{"line":33,"column":23}},"loc":{"start":{"line":33,"column":36},"end":{"line":48,"column":1}},"line":33},"7":{"name":"(anonymous_7)","decl":{"start":{"line":41,"column":18},"end":{"line":41,"column":19}},"loc":{"start":{"line":42,"column":16},"end":{"line":42,"column":88}},"line":42},"8":{"name":"(anonymous_8)","decl":{"start":{"line":44,"column":19},"end":{"line":44,"column":20}},"loc":{"start":{"line":45,"column":16},"end":{"line":45,"column":81}},"line":45}},"branchMap":{"0":{"loc":{"start":{"line":6,"column":4},"end":{"line":16,"column":68}},"type":"if","locations":[{"start":{"line":6,"column":4},"end":{"line":16,"column":68}},{"start":{"line":16,"column":11},"end":{"line":16,"column":68}}],"line":6},"1":{"loc":{"start":{"line":22,"column":4},"end":{"line":31,"column":68}},"type":"if","locations":[{"start":{"line":22,"column":4},"end":{"line":31,"column":68}},{"start":{"line":31,"column":11},"end":{"line":31,"column":68}}],"line":22},"2":{"loc":{"start":{"line":36,"column":4},"end":{"line":47,"column":5}},"type":"if","locations":[{"start":{"line":36,"column":4},"end":{"line":47,"column":5}},{"start":{},"end":{}}],"line":36},"3":{"loc":{"start":{"line":37,"column":8},"end":{"line":39,"column":9}},"type":"if","locations":[{"start":{"line":37,"column":8},"end":{"line":39,"column":9}},{"start":{},"end":{}}],"line":37}},"s":{"0":1,"1":3,"2":3,"3":3,"4":3,"5":2,"6":1,"7":0,"8":1,"9":1,"10":1,"11":1,"12":1,"13":0,"14":1,"15":0,"16":1,"17":2,"18":2,"19":2,"20":2,"21":0,"22":2,"23":1,"24":1},"f":{"0":3,"1":2,"2":1,"3":1,"4":0,"5":1,"6":2,"7":1,"8":1},"b":{"0":[3,0],"1":[1,0],"2":[2,0],"3":[0,2]},"_coverageSchema":"1a1c01bbd47fc00a2c39e90264f33305004495a9","hash":"aaee31a06bef9d5c16994567ef2ee88e051650ac"}
,"/home/txny/Desktop/ATLP/learn-express/controllers/messageController.js": {"path":"/home/txny/Desktop/ATLP/learn-express/controllers/messageController.js","statementMap":{"0":{"start":{"line":3,"column":30},"end":{"line":15,"column":1}},"1":{"start":{"line":4,"column":20},"end":{"line":10,"column":6}},"2":{"start":{"line":11,"column":4},"end":{"line":14,"column":62}},"3":{"start":{"line":13,"column":24},"end":{"line":13,"column":63}},"4":{"start":{"line":14,"column":24},"end":{"line":14,"column":60}},"5":{"start":{"line":17,"column":28},"end":{"line":25,"column":1}},"6":{"start":{"line":18,"column":4},"end":{"line":24,"column":10}},"7":{"start":{"line":20,"column":12},"end":{"line":20,"column":60}},"8":{"start":{"line":23,"column":12},"end":{"line":23,"column":78}},"9":{"start":{"line":27,"column":31},"end":{"line":38,"column":1}},"10":{"start":{"line":28,"column":15},"end":{"line":28,"column":28}},"11":{"start":{"line":29,"column":4},"end":{"line":37,"column":10}},"12":{"start":{"line":31,"column":12},"end":{"line":32,"column":76}},"13":{"start":{"line":32,"column":16},"end":{"line":32,"column":76}},"14":{"start":{"line":33,"column":12},"end":{"line":33,"column":62}},"15":{"start":{"line":36,"column":12},"end":{"line":36,"column":78}},"16":{"start":{"line":40,"column":30},"end":{"line":51,"column":1}},"17":{"start":{"line":41,"column":15},"end":{"line":41,"column":28}},"18":{"start":{"line":42,"column":4},"end":{"line":50,"column":11}},"19":{"start":{"line":44,"column":12},"end":{"line":46,"column":75}},"20":{"start":{"line":49,"column":12},"end":{"line":49,"column":75}}},"fnMap":{"0":{"name":"(anonymous_0)","decl":{"start":{"line":3,"column":30},"end":{"line":3,"column":31}},"loc":{"start":{"line":3,"column":44},"end":{"line":15,"column":1}},"line":3},"1":{"name":"(anonymous_1)","decl":{"start":{"line":13,"column":14},"end":{"line":13,"column":15}},"loc":{"start":{"line":13,"column":24},"end":{"line":13,"column":63}},"line":13},"2":{"name":"(anonymous_2)","decl":{"start":{"line":14,"column":15},"end":{"line":14,"column":16}},"loc":{"start":{"line":14,"column":24},"end":{"line":14,"column":60}},"line":14},"3":{"name":"(anonymous_3)","decl":{"start":{"line":17,"column":28},"end":{"line":17,"column":29}},"loc":{"start":{"line":17,"column":42},"end":{"line":25,"column":1}},"line":17},"4":{"name":"(anonymous_4)","decl":{"start":{"line":19,"column":14},"end":{"line":19,"column":15}},"loc":{"start":{"line":20,"column":12},"end":{"line":20,"column":60}},"line":20},"5":{"name":"(anonymous_5)","decl":{"start":{"line":22,"column":15},"end":{"line":22,"column":16}},"loc":{"start":{"line":23,"column":12},"end":{"line":23,"column":78}},"line":23},"6":{"name":"(anonymous_6)","decl":{"start":{"line":27,"column":31},"end":{"line":27,"column":32}},"loc":{"start":{"line":27,"column":45},"end":{"line":38,"column":1}},"line":27},"7":{"name":"(anonymous_7)","decl":{"start":{"line":30,"column":14},"end":{"line":30,"column":15}},"loc":{"start":{"line":30,"column":27},"end":{"line":34,"column":9}},"line":30},"8":{"name":"(anonymous_8)","decl":{"start":{"line":35,"column":15},"end":{"line":35,"column":16}},"loc":{"start":{"line":36,"column":12},"end":{"line":36,"column":78}},"line":36},"9":{"name":"(anonymous_9)","decl":{"start":{"line":40,"column":30},"end":{"line":40,"column":31}},"loc":{"start":{"line":40,"column":44},"end":{"line":51,"column":1}},"line":40},"10":{"name":"(anonymous_10)","decl":{"start":{"line":43,"column":14},"end":{"line":43,"column":15}},"loc":{"start":{"line":44,"column":12},"end":{"line":46,"column":75}},"line":44},"11":{"name":"(anonymous_11)","decl":{"start":{"line":48,"column":15},"end":{"line":48,"column":16}},"loc":{"start":{"line":48,"column":24},"end":{"line":50,"column":9}},"line":48}},"branchMap":{"0":{"loc":{"start":{"line":31,"column":12},"end":{"line":32,"column":76}},"type":"if","locations":[{"start":{"line":31,"column":12},"end":{"line":32,"column":76}},{"start":{},"end":{}}],"line":31}},"s":{"0":1,"1":1,"2":1,"3":1,"4":0,"5":1,"6":3,"7":3,"8":0,"9":1,"10":2,"11":2,"12":1,"13":0,"14":1,"15":1,"16":1,"17":2,"18":2,"19":1,"20":1},"f":{"0":1,"1":1,"2":0,"3":3,"4":3,"5":0,"6":2,"7":1,"8":1,"9":2,"10":1,"11":1},"b":{"0":[0,1]},"_coverageSchema":"1a1c01bbd47fc00a2c39e90264f33305004495a9","hash":"e9a4c022ccd51ee8f9e3b7cbac625328c8046bc8"}
,"/home/txny/Desktop/ATLP/learn-express/models/Blogs.js": {"path":"/home/txny/Desktop/ATLP/learn-express/models/Blogs.js","statementMap":{"0":{"start":{"line":3,"column":19},"end":{"line":21,"column":1}},"1":{"start":{"line":23,"column":13},"end":{"line":23,"column":48}}},"fnMap":{},"branchMap":{},"s":{"0":1,"1":1},"f":{},"b":{},"_coverageSchema":"1a1c01bbd47fc00a2c39e90264f33305004495a9","hash":"431ba304a302e219a13df4b19e0fc86275178815"}
,"/home/txny/Desktop/ATLP/learn-express/models/Comments.js": {"path":"/home/txny/Desktop/ATLP/learn-express/models/Comments.js","statementMap":{"0":{"start":{"line":3,"column":22},"end":{"line":17,"column":1}},"1":{"start":{"line":19,"column":16},"end":{"line":19,"column":56}}},"fnMap":{},"branchMap":{},"s":{"0":1,"1":1},"f":{},"b":{},"_coverageSchema":"1a1c01bbd47fc00a2c39e90264f33305004495a9","hash":"d82eaee66f9d9f5ca135b773fe7a979150974e8d"}
,"/home/txny/Desktop/ATLP/learn-express/models/Messages.js": {"path":"/home/txny/Desktop/ATLP/learn-express/models/Messages.js","statementMap":{"0":{"start":{"line":3,"column":22},"end":{"line":20,"column":1}},"1":{"start":{"line":22,"column":16},"end":{"line":22,"column":56}}},"fnMap":{},"branchMap":{},"s":{"0":1,"1":1},"f":{},"b":{},"_coverageSchema":"1a1c01bbd47fc00a2c39e90264f33305004495a9","hash":"5e6594ccc307312335a979235f76f88d0e3f50a5"}
,"/home/txny/Desktop/ATLP/learn-express/models/Users.js": {"path":"/home/txny/Desktop/ATLP/learn-express/models/Users.js","statementMap":{"0":{"start":{"line":4,"column":19},"end":{"line":17,"column":1}},"1":{"start":{"line":19,"column":13},"end":{"line":19,"column":47}}},"fnMap":{},"branchMap":{},"s":{"0":1,"1":1},"f":{},"b":{},"_coverageSchema":"1a1c01bbd47fc00a2c39e90264f33305004495a9","hash":"e22228f5280d9d2659ab3fc15c072701ed116105"}
,"/home/txny/Desktop/ATLP/learn-express/routes/authRoutes.js": {"path":"/home/txny/Desktop/ATLP/learn-express/routes/authRoutes.js","statementMap":{"0":{"start":{"line":7,"column":19},"end":{"line":7,"column":35}},"1":{"start":{"line":9,"column":0},"end":{"line":13,"column":2}},"2":{"start":{"line":15,"column":0},"end":{"line":18,"column":2}}},"fnMap":{},"branchMap":{},"s":{"0":1,"1":1,"2":1},"f":{},"b":{},"_coverageSchema":"1a1c01bbd47fc00a2c39e90264f33305004495a9","hash":"1a3092723cc41fc837930c9e1623a3053e8dd03e"}
,"/home/txny/Desktop/ATLP/learn-express/routes/blogRoutes.js": {"path":"/home/txny/Desktop/ATLP/learn-express/routes/blogRoutes.js","statementMap":{"0":{"start":{"line":19,"column":20},"end":{"line":19,"column":36}},"1":{"start":{"line":21,"column":0},"end":{"line":21,"column":32}},"2":{"start":{"line":22,"column":0},"end":{"line":22,"column":38}},"3":{"start":{"line":23,"column":0},"end":{"line":29,"column":2}},"4":{"start":{"line":30,"column":0},"end":{"line":36,"column":2}},"5":{"start":{"line":37,"column":0},"end":{"line":37,"column":54}},"6":{"start":{"line":39,"column":0},"end":{"line":39,"column":69}},"7":{"start":{"line":40,"column":0},"end":{"line":40,"column":47}},"8":{"start":{"line":42,"column":0},"end":{"line":42,"column":36}},"9":{"start":{"line":43,"column":0},"end":{"line":43,"column":42}},"10":{"start":{"line":44,"column":0},"end":{"line":44,"column":40}}},"fnMap":{},"branchMap":{},"s":{"0":1,"1":1,"2":1,"3":1,"4":1,"5":1,"6":1,"7":1,"8":1,"9":1,"10":1},"f":{},"b":{},"_coverageSchema":"1a1c01bbd47fc00a2c39e90264f33305004495a9","hash":"bcd51377931dae81ff7b09a18b1545e577b41f01"}
,"/home/txny/Desktop/ATLP/learn-express/routes/messagesRoutes.js": {"path":"/home/txny/Desktop/ATLP/learn-express/routes/messagesRoutes.js","statementMap":{"0":{"start":{"line":12,"column":23},"end":{"line":12,"column":39}},"1":{"start":{"line":14,"column":0},"end":{"line":14,"column":60}},"2":{"start":{"line":15,"column":0},"end":{"line":15,"column":52}},"3":{"start":{"line":16,"column":0},"end":{"line":16,"column":58}},"4":{"start":{"line":17,"column":0},"end":{"line":17,"column":60}}},"fnMap":{},"branchMap":{},"s":{"0":1,"1":1,"2":1,"3":1,"4":1},"f":{},"b":{},"_coverageSchema":"1a1c01bbd47fc00a2c39e90264f33305004495a9","hash":"b6aeea470056b8276048663110388bce559728c0"}
,"/home/txny/Desktop/ATLP/learn-express/validations/authValidator.js": {"path":"/home/txny/Desktop/ATLP/learn-express/validations/authValidator.js","statementMap":{"0":{"start":{"line":4,"column":4},"end":{"line":4,"column":60}},"1":{"start":{"line":5,"column":19},"end":{"line":8,"column":2}},"2":{"start":{"line":10,"column":23},"end":{"line":17,"column":1}},"3":{"start":{"line":11,"column":18},"end":{"line":11,"column":70}},"4":{"start":{"line":12,"column":4},"end":{"line":16,"column":5}},"5":{"start":{"line":13,"column":8},"end":{"line":13,"column":66}},"6":{"start":{"line":15,"column":8},"end":{"line":15,"column":15}}},"fnMap":{"0":{"name":"(anonymous_0)","decl":{"start":{"line":10,"column":23},"end":{"line":10,"column":24}},"loc":{"start":{"line":10,"column":49},"end":{"line":17,"column":1}},"line":10}},"branchMap":{"0":{"loc":{"start":{"line":12,"column":4},"end":{"line":16,"column":5}},"type":"if","locations":[{"start":{"line":12,"column":4},"end":{"line":16,"column":5}},{"start":{"line":14,"column":11},"end":{"line":16,"column":5}}],"line":12}},"s":{"0":1,"1":1,"2":1,"3":3,"4":3,"5":1,"6":2},"f":{"0":3},"b":{"0":[1,2]},"_coverageSchema":"1a1c01bbd47fc00a2c39e90264f33305004495a9","hash":"34e24ee83f4b0059ff905102f38e94129c03f05e"}
,"/home/txny/Desktop/ATLP/learn-express/validations/blogValidator.js": {"path":"/home/txny/Desktop/ATLP/learn-express/validations/blogValidator.js","statementMap":{"0":{"start":{"line":3,"column":19},"end":{"line":6,"column":2}},"1":{"start":{"line":8,"column":23},"end":{"line":15,"column":1}},"2":{"start":{"line":9,"column":18},"end":{"line":9,"column":70}},"3":{"start":{"line":10,"column":4},"end":{"line":14,"column":5}},"4":{"start":{"line":11,"column":8},"end":{"line":11,"column":68}},"5":{"start":{"line":13,"column":8},"end":{"line":13,"column":15}}},"fnMap":{"0":{"name":"(anonymous_0)","decl":{"start":{"line":8,"column":23},"end":{"line":8,"column":24}},"loc":{"start":{"line":8,"column":49},"end":{"line":15,"column":1}},"line":8}},"branchMap":{"0":{"loc":{"start":{"line":10,"column":4},"end":{"line":14,"column":5}},"type":"if","locations":[{"start":{"line":10,"column":4},"end":{"line":14,"column":5}},{"start":{"line":12,"column":11},"end":{"line":14,"column":5}}],"line":10}},"s":{"0":1,"1":1,"2":6,"3":6,"4":2,"5":4},"f":{"0":6},"b":{"0":[2,4]},"_coverageSchema":"1a1c01bbd47fc00a2c39e90264f33305004495a9","hash":"7cc299d1b8b7010d92ec4a26c08d292fbab21b23"}
,"/home/txny/Desktop/ATLP/learn-express/validations/commentValidator.js": {"path":"/home/txny/Desktop/ATLP/learn-express/validations/commentValidator.js","statementMap":{"0":{"start":{"line":3,"column":22},"end":{"line":6,"column":2}},"1":{"start":{"line":8,"column":26},"end":{"line":15,"column":1}},"2":{"start":{"line":9,"column":18},"end":{"line":9,"column":77}},"3":{"start":{"line":10,"column":4},"end":{"line":14,"column":5}},"4":{"start":{"line":11,"column":8},"end":{"line":11,"column":66}},"5":{"start":{"line":13,"column":8},"end":{"line":13,"column":15}}},"fnMap":{"0":{"name":"(anonymous_0)","decl":{"start":{"line":8,"column":26},"end":{"line":8,"column":27}},"loc":{"start":{"line":8,"column":52},"end":{"line":15,"column":1}},"line":8}},"branchMap":{"0":{"loc":{"start":{"line":10,"column":4},"end":{"line":14,"column":5}},"type":"if","locations":[{"start":{"line":10,"column":4},"end":{"line":14,"column":5}},{"start":{"line":12,"column":11},"end":{"line":14,"column":5}}],"line":10}},"s":{"0":1,"1":1,"2":3,"3":3,"4":1,"5":2},"f":{"0":3},"b":{"0":[1,2]},"_coverageSchema":"1a1c01bbd47fc00a2c39e90264f33305004495a9","hash":"a67a5f81d12b6c66044fad5d345904e16464d951"}
,"/home/txny/Desktop/ATLP/learn-express/validations/messageValidator.js": {"path":"/home/txny/Desktop/ATLP/learn-express/validations/messageValidator.js","statementMap":{"0":{"start":{"line":4,"column":4},"end":{"line":4,"column":68}},"1":{"start":{"line":5,"column":22},"end":{"line":11,"column":2}},"2":{"start":{"line":13,"column":26},"end":{"line":21,"column":1}},"3":{"start":{"line":14,"column":18},"end":{"line":14,"column":71}},"4":{"start":{"line":15,"column":4},"end":{"line":20,"column":5}},"5":{"start":{"line":16,"column":8},"end":{"line":16,"column":66}},"6":{"start":{"line":19,"column":8},"end":{"line":19,"column":15}}},"fnMap":{"0":{"name":"(anonymous_0)","decl":{"start":{"line":13,"column":26},"end":{"line":13,"column":27}},"loc":{"start":{"line":13,"column":49},"end":{"line":21,"column":1}},"line":13}},"branchMap":{"0":{"loc":{"start":{"line":15,"column":4},"end":{"line":20,"column":5}},"type":"if","locations":[{"start":{"line":15,"column":4},"end":{"line":20,"column":5}},{"start":{"line":18,"column":8},"end":{"line":20,"column":5}}],"line":15}},"s":{"0":1,"1":1,"2":1,"3":2,"4":2,"5":1,"6":1},"f":{"0":2},"b":{"0":[1,1]},"_coverageSchema":"1a1c01bbd47fc00a2c39e90264f33305004495a9","hash":"d5c0ac06cd46a44f56a2b99e129d0ace0849f6ac"}
}
