{"/home/txny/Desktop/atlp/learn-express/index.js": {"path":"/home/txny/Desktop/atlp/learn-express/index.js","statementMap":{"0":{"start":{"line":14,"column":0},"end":{"line":14,"column":16}},"1":{"start":{"line":15,"column":13},"end":{"line":15,"column":37}},"2":{"start":{"line":16,"column":17},"end":{"line":17,"column":63}},"3":{"start":{"line":17,"column":4},"end":{"line":17,"column":63}},"4":{"start":{"line":18,"column":24},"end":{"line":18,"column":50}},"5":{"start":{"line":21,"column":12},"end":{"line":21,"column":21}},"6":{"start":{"line":23,"column":0},"end":{"line":27,"column":7}},"7":{"start":{"line":26,"column":8},"end":{"line":26,"column":36}},"8":{"start":{"line":28,"column":0},"end":{"line":28,"column":23}},"9":{"start":{"line":29,"column":0},"end":{"line":29,"column":47}},"10":{"start":{"line":31,"column":0},"end":{"line":31,"column":24}},"11":{"start":{"line":32,"column":0},"end":{"line":32,"column":49}},"12":{"start":{"line":33,"column":0},"end":{"line":33,"column":27}},"13":{"start":{"line":35,"column":0},"end":{"line":35,"column":38}},"14":{"start":{"line":36,"column":0},"end":{"line":36,"column":44}},"15":{"start":{"line":37,"column":0},"end":{"line":37,"column":36}},"16":{"start":{"line":38,"column":0},"end":{"line":38,"column":74}},"17":{"start":{"line":40,"column":0},"end":{"line":43,"column":3}},"18":{"start":{"line":41,"column":4},"end":{"line":41,"column":34}},"19":{"start":{"line":42,"column":4},"end":{"line":42,"column":29}},"20":{"start":{"line":45,"column":0},"end":{"line":47,"column":3}},"21":{"start":{"line":46,"column":4},"end":{"line":46,"column":53}}},"fnMap":{"0":{"name":"(anonymous_0)","decl":{"start":{"line":16,"column":17},"end":{"line":16,"column":18}},"loc":{"start":{"line":17,"column":4},"end":{"line":17,"column":63}},"line":17},"1":{"name":"(anonymous_1)","decl":{"start":{"line":25,"column":10},"end":{"line":25,"column":11}},"loc":{"start":{"line":25,"column":16},"end":{"line":27,"column":5}},"line":25},"2":{"name":"(anonymous_2)","decl":{"start":{"line":40,"column":8},"end":{"line":40,"column":9}},"loc":{"start":{"line":40,"column":33},"end":{"line":43,"column":1}},"line":40},"3":{"name":"(anonymous_3)","decl":{"start":{"line":45,"column":17},"end":{"line":45,"column":18}},"loc":{"start":{"line":45,"column":23},"end":{"line":47,"column":1}},"line":45}},"branchMap":{"0":{"loc":{"start":{"line":15,"column":13},"end":{"line":15,"column":37}},"type":"binary-expr","locations":[{"start":{"line":15,"column":13},"end":{"line":15,"column":29}},{"start":{"line":15,"column":33},"end":{"line":15,"column":37}}],"line":15},"1":{"loc":{"start":{"line":41,"column":15},"end":{"line":41,"column":32}},"type":"binary-expr","locations":[{"start":{"line":41,"column":15},"end":{"line":41,"column":25}},{"start":{"line":41,"column":29},"end":{"line":41,"column":32}}],"line":41}},"s":{"0":1,"1":1,"2":1,"3":1,"4":1,"5":1,"6":1,"7":1,"8":1,"9":1,"10":1,"11":1,"12":1,"13":1,"14":1,"15":1,"16":1,"17":1,"18":1,"19":1,"20":1,"21":1},"f":{"0":1,"1":1,"2":1,"3":1},"b":{"0":[1,0],"1":[1,1]},"_coverageSchema":"1a1c01bbd47fc00a2c39e90264f33305004495a9","hash":"d879ce0c16ea6370d15944fde8e6ea25eab197c5"}
,"/home/txny/Desktop/atlp/learn-express/auth/auth.js": {"path":"/home/txny/Desktop/atlp/learn-express/auth/auth.js","statementMap":{"0":{"start":{"line":7,"column":0},"end":{"line":7,"column":16}},"1":{"start":{"line":9,"column":17},"end":{"line":17,"column":1}},"2":{"start":{"line":10,"column":4},"end":{"line":16,"column":6}},"3":{"start":{"line":18,"column":23},"end":{"line":43,"column":1}},"4":{"start":{"line":24,"column":8},"end":{"line":41,"column":9}},"5":{"start":{"line":25,"column":25},"end":{"line":25,"column":54}},"6":{"start":{"line":26,"column":12},"end":{"line":26,"column":79}},"7":{"start":{"line":26,"column":22},"end":{"line":26,"column":79}},"8":{"start":{"line":27,"column":12},"end":{"line":38,"column":15}},"9":{"start":{"line":28,"column":16},"end":{"line":28,"column":42}},"10":{"start":{"line":28,"column":25},"end":{"line":28,"column":42}},"11":{"start":{"line":29,"column":16},"end":{"line":37,"column":19}},"12":{"start":{"line":30,"column":20},"end":{"line":30,"column":46}},"13":{"start":{"line":30,"column":29},"end":{"line":30,"column":46}},"14":{"start":{"line":32,"column":36},"end":{"line":32,"column":78}},"15":{"start":{"line":33,"column":20},"end":{"line":33,"column":35}},"16":{"start":{"line":35,"column":34},"end":{"line":35,"column":51}},"17":{"start":{"line":36,"column":20},"end":{"line":36,"column":45}},"18":{"start":{"line":40,"column":12},"end":{"line":40,"column":24}},"19":{"start":{"line":45,"column":28},"end":{"line":65,"column":1}},"20":{"start":{"line":46,"column":32},"end":{"line":46,"column":59}},"21":{"start":{"line":48,"column":4},"end":{"line":50,"column":5}},"22":{"start":{"line":49,"column":8},"end":{"line":49,"column":62}},"23":{"start":{"line":51,"column":4},"end":{"line":64,"column":5}},"24":{"start":{"line":52,"column":22},"end":{"line":52,"column":69}},"25":{"start":{"line":53,"column":8},"end":{"line":61,"column":11}},"26":{"start":{"line":54,"column":12},"end":{"line":57,"column":77}},"27":{"start":{"line":55,"column":16},"end":{"line":57,"column":77}},"28":{"start":{"line":59,"column":12},"end":{"line":59,"column":28}},"29":{"start":{"line":60,"column":12},"end":{"line":60,"column":19}},"30":{"start":{"line":63,"column":8},"end":{"line":63,"column":78}},"31":{"start":{"line":67,"column":22},"end":{"line":67,"column":60}}},"fnMap":{"0":{"name":"(anonymous_0)","decl":{"start":{"line":9,"column":17},"end":{"line":9,"column":18}},"loc":{"start":{"line":9,"column":27},"end":{"line":17,"column":1}},"line":9},"1":{"name":"(anonymous_1)","decl":{"start":{"line":23,"column":4},"end":{"line":23,"column":5}},"loc":{"start":{"line":23,"column":37},"end":{"line":42,"column":5}},"line":23},"2":{"name":"(anonymous_2)","decl":{"start":{"line":27,"column":31},"end":{"line":27,"column":32}},"loc":{"start":{"line":27,"column":46},"end":{"line":38,"column":13}},"line":27},"3":{"name":"(anonymous_3)","decl":{"start":{"line":29,"column":44},"end":{"line":29,"column":45}},"loc":{"start":{"line":29,"column":59},"end":{"line":37,"column":17}},"line":29},"4":{"name":"(anonymous_4)","decl":{"start":{"line":45,"column":28},"end":{"line":45,"column":29}},"loc":{"start":{"line":45,"column":48},"end":{"line":65,"column":1}},"line":45},"5":{"name":"(anonymous_5)","decl":{"start":{"line":53,"column":48},"end":{"line":53,"column":49}},"loc":{"start":{"line":53,"column":63},"end":{"line":61,"column":9}},"line":53}},"branchMap":{"0":{"loc":{"start":{"line":26,"column":12},"end":{"line":26,"column":79}},"type":"if","locations":[{"start":{"line":26,"column":12},"end":{"line":26,"column":79}},{"start":{},"end":{}}],"line":26},"1":{"loc":{"start":{"line":28,"column":16},"end":{"line":28,"column":42}},"type":"if","locations":[{"start":{"line":28,"column":16},"end":{"line":28,"column":42}},{"start":{},"end":{}}],"line":28},"2":{"loc":{"start":{"line":30,"column":20},"end":{"line":30,"column":46}},"type":"if","locations":[{"start":{"line":30,"column":20},"end":{"line":30,"column":46}},{"start":{},"end":{}}],"line":30},"3":{"loc":{"start":{"line":48,"column":4},"end":{"line":50,"column":5}},"type":"if","locations":[{"start":{"line":48,"column":4},"end":{"line":50,"column":5}},{"start":{},"end":{}}],"line":48},"4":{"loc":{"start":{"line":54,"column":12},"end":{"line":57,"column":77}},"type":"if","locations":[{"start":{"line":54,"column":12},"end":{"line":57,"column":77}},{"start":{},"end":{}}],"line":54}},"s":{"0":1,"1":1,"2":1,"3":1,"4":2,"5":2,"6":2,"7":1,"8":1,"9":1,"10":0,"11":1,"12":1,"13":0,"14":1,"15":1,"16":1,"17":1,"18":0,"19":1,"20":0,"21":0,"22":0,"23":0,"24":0,"25":0,"26":0,"27":0,"28":0,"29":0,"30":0,"31":1},"f":{"0":1,"1":2,"2":1,"3":1,"4":0,"5":0},"b":{"0":[1,1],"1":[0,1],"2":[0,1],"3":[0,0],"4":[0,0]},"_coverageSchema":"1a1c01bbd47fc00a2c39e90264f33305004495a9","hash":"ee467682382dc17bea8ed7e4be2bfee4831364d8"}
,"/home/txny/Desktop/atlp/learn-express/controllers/authController.js": {"path":"/home/txny/Desktop/atlp/learn-express/controllers/authController.js","statementMap":{"0":{"start":{"line":5,"column":16},"end":{"line":5,"column":30}},"1":{"start":{"line":6,"column":13},"end":{"line":6,"column":21}},"2":{"start":{"line":8,"column":27},"end":{"line":13,"column":1}},"3":{"start":{"line":9,"column":4},"end":{"line":12,"column":7}},"4":{"start":{"line":15,"column":26},"end":{"line":35,"column":1}},"5":{"start":{"line":16,"column":18},"end":{"line":16,"column":32}},"6":{"start":{"line":17,"column":4},"end":{"line":34,"column":5}},"7":{"start":{"line":18,"column":21},"end":{"line":18,"column":57}},"8":{"start":{"line":19,"column":8},"end":{"line":21,"column":9}},"9":{"start":{"line":20,"column":12},"end":{"line":20,"column":67}},"10":{"start":{"line":22,"column":8},"end":{"line":31,"column":71}},"11":{"start":{"line":23,"column":29},"end":{"line":23,"column":64}},"12":{"start":{"line":24,"column":26},"end":{"line":24,"column":54}},"13":{"start":{"line":25,"column":12},"end":{"line":29,"column":15}},"14":{"start":{"line":31,"column":13},"end":{"line":31,"column":71}},"15":{"start":{"line":33,"column":8},"end":{"line":33,"column":52}}},"fnMap":{"0":{"name":"(anonymous_0)","decl":{"start":{"line":8,"column":27},"end":{"line":8,"column":28}},"loc":{"start":{"line":8,"column":53},"end":{"line":13,"column":1}},"line":8},"1":{"name":"(anonymous_1)","decl":{"start":{"line":15,"column":26},"end":{"line":15,"column":27}},"loc":{"start":{"line":15,"column":52},"end":{"line":35,"column":1}},"line":15}},"branchMap":{"0":{"loc":{"start":{"line":19,"column":8},"end":{"line":21,"column":9}},"type":"if","locations":[{"start":{"line":19,"column":8},"end":{"line":21,"column":9}},{"start":{},"end":{}}],"line":19},"1":{"loc":{"start":{"line":22,"column":8},"end":{"line":31,"column":71}},"type":"if","locations":[{"start":{"line":22,"column":8},"end":{"line":31,"column":71}},{"start":{"line":31,"column":13},"end":{"line":31,"column":71}}],"line":22}},"s":{"0":1,"1":1,"2":1,"3":1,"4":1,"5":2,"6":2,"7":2,"8":2,"9":1,"10":1,"11":1,"12":1,"13":1,"14":0,"15":0},"f":{"0":1,"1":2},"b":{"0":[1,1],"1":[1,0]},"_coverageSchema":"1a1c01bbd47fc00a2c39e90264f33305004495a9","hash":"55485c450953b4fb7d0225106d0bf9378d651550"}
,"/home/txny/Desktop/atlp/learn-express/controllers/blogController.js": {"path":"/home/txny/Desktop/atlp/learn-express/controllers/blogController.js","statementMap":{"0":{"start":{"line":4,"column":16},"end":{"line":11,"column":2}},"1":{"start":{"line":6,"column":8},"end":{"line":6,"column":31}},"2":{"start":{"line":9,"column":8},"end":{"line":9,"column":36}},"3":{"start":{"line":12,"column":19},"end":{"line":22,"column":1}},"4":{"start":{"line":13,"column":4},"end":{"line":21,"column":5}},"5":{"start":{"line":18,"column":8},"end":{"line":18,"column":23}},"6":{"start":{"line":20,"column":8},"end":{"line":20,"column":56}},"7":{"start":{"line":23,"column":22},"end":{"line":27,"column":2}},"8":{"start":{"line":29,"column":27},"end":{"line":44,"column":1}},"9":{"start":{"line":30,"column":17},"end":{"line":34,"column":6}},"10":{"start":{"line":35,"column":4},"end":{"line":43,"column":10}},"11":{"start":{"line":37,"column":12},"end":{"line":39,"column":75}},"12":{"start":{"line":42,"column":12},"end":{"line":42,"column":77}},"13":{"start":{"line":46,"column":25},"end":{"line":50,"column":1}},"14":{"start":{"line":47,"column":4},"end":{"line":49,"column":62}},"15":{"start":{"line":48,"column":29},"end":{"line":48,"column":73}},"16":{"start":{"line":49,"column":24},"end":{"line":49,"column":60}},"17":{"start":{"line":51,"column":28},"end":{"line":56,"column":1}},"18":{"start":{"line":52,"column":15},"end":{"line":52,"column":28}},"19":{"start":{"line":53,"column":4},"end":{"line":55,"column":89}},"20":{"start":{"line":54,"column":24},"end":{"line":54,"column":58}},"21":{"start":{"line":55,"column":24},"end":{"line":55,"column":87}},"22":{"start":{"line":57,"column":27},"end":{"line":79,"column":1}},"23":{"start":{"line":58,"column":15},"end":{"line":58,"column":28}},"24":{"start":{"line":59,"column":4},"end":{"line":78,"column":10}},"25":{"start":{"line":61,"column":12},"end":{"line":61,"column":60}},"26":{"start":{"line":61,"column":32},"end":{"line":61,"column":60}},"27":{"start":{"line":62,"column":12},"end":{"line":62,"column":66}},"28":{"start":{"line":62,"column":34},"end":{"line":62,"column":66}},"29":{"start":{"line":63,"column":12},"end":{"line":63,"column":51}},"30":{"start":{"line":63,"column":26},"end":{"line":63,"column":51}},"31":{"start":{"line":65,"column":12},"end":{"line":71,"column":18}},"32":{"start":{"line":66,"column":32},"end":{"line":66,"column":68}},"33":{"start":{"line":68,"column":20},"end":{"line":70,"column":76}},"34":{"start":{"line":74,"column":12},"end":{"line":77,"column":14}},"35":{"start":{"line":80,"column":27},"end":{"line":87,"column":1}},"36":{"start":{"line":81,"column":15},"end":{"line":81,"column":28}},"37":{"start":{"line":82,"column":4},"end":{"line":86,"column":89}},"38":{"start":{"line":84,"column":12},"end":{"line":84,"column":83}},"39":{"start":{"line":86,"column":24},"end":{"line":86,"column":87}}},"fnMap":{"0":{"name":"(anonymous_0)","decl":{"start":{"line":5,"column":17},"end":{"line":5,"column":18}},"loc":{"start":{"line":5,"column":36},"end":{"line":7,"column":5}},"line":5},"1":{"name":"(anonymous_1)","decl":{"start":{"line":8,"column":14},"end":{"line":8,"column":15}},"loc":{"start":{"line":8,"column":33},"end":{"line":10,"column":5}},"line":8},"2":{"name":"(anonymous_2)","decl":{"start":{"line":12,"column":19},"end":{"line":12,"column":20}},"loc":{"start":{"line":12,"column":38},"end":{"line":22,"column":1}},"line":12},"3":{"name":"(anonymous_3)","decl":{"start":{"line":29,"column":27},"end":{"line":29,"column":28}},"loc":{"start":{"line":29,"column":41},"end":{"line":44,"column":1}},"line":29},"4":{"name":"(anonymous_4)","decl":{"start":{"line":36,"column":14},"end":{"line":36,"column":15}},"loc":{"start":{"line":37,"column":12},"end":{"line":39,"column":75}},"line":37},"5":{"name":"(anonymous_5)","decl":{"start":{"line":41,"column":15},"end":{"line":41,"column":16}},"loc":{"start":{"line":42,"column":12},"end":{"line":42,"column":77}},"line":42},"6":{"name":"(anonymous_6)","decl":{"start":{"line":46,"column":25},"end":{"line":46,"column":26}},"loc":{"start":{"line":46,"column":39},"end":{"line":50,"column":1}},"line":46},"7":{"name":"(anonymous_7)","decl":{"start":{"line":48,"column":14},"end":{"line":48,"column":15}},"loc":{"start":{"line":48,"column":29},"end":{"line":48,"column":73}},"line":48},"8":{"name":"(anonymous_8)","decl":{"start":{"line":49,"column":15},"end":{"line":49,"column":16}},"loc":{"start":{"line":49,"column":24},"end":{"line":49,"column":60}},"line":49},"9":{"name":"(anonymous_9)","decl":{"start":{"line":51,"column":28},"end":{"line":51,"column":29}},"loc":{"start":{"line":51,"column":42},"end":{"line":56,"column":1}},"line":51},"10":{"name":"(anonymous_10)","decl":{"start":{"line":54,"column":14},"end":{"line":54,"column":15}},"loc":{"start":{"line":54,"column":24},"end":{"line":54,"column":58}},"line":54},"11":{"name":"(anonymous_11)","decl":{"start":{"line":55,"column":15},"end":{"line":55,"column":16}},"loc":{"start":{"line":55,"column":24},"end":{"line":55,"column":87}},"line":55},"12":{"name":"(anonymous_12)","decl":{"start":{"line":57,"column":27},"end":{"line":57,"column":28}},"loc":{"start":{"line":57,"column":41},"end":{"line":79,"column":1}},"line":57},"13":{"name":"(anonymous_13)","decl":{"start":{"line":60,"column":14},"end":{"line":60,"column":15}},"loc":{"start":{"line":60,"column":24},"end":{"line":72,"column":9}},"line":60},"14":{"name":"(anonymous_14)","decl":{"start":{"line":66,"column":22},"end":{"line":66,"column":23}},"loc":{"start":{"line":66,"column":32},"end":{"line":66,"column":68}},"line":66},"15":{"name":"(anonymous_15)","decl":{"start":{"line":67,"column":23},"end":{"line":67,"column":24}},"loc":{"start":{"line":68,"column":20},"end":{"line":70,"column":76}},"line":68},"16":{"name":"(anonymous_16)","decl":{"start":{"line":73,"column":15},"end":{"line":73,"column":16}},"loc":{"start":{"line":74,"column":12},"end":{"line":77,"column":14}},"line":74},"17":{"name":"(anonymous_17)","decl":{"start":{"line":80,"column":27},"end":{"line":80,"column":28}},"loc":{"start":{"line":80,"column":41},"end":{"line":87,"column":1}},"line":80},"18":{"name":"(anonymous_18)","decl":{"start":{"line":83,"column":14},"end":{"line":83,"column":15}},"loc":{"start":{"line":84,"column":12},"end":{"line":84,"column":83}},"line":84},"19":{"name":"(anonymous_19)","decl":{"start":{"line":86,"column":15},"end":{"line":86,"column":16}},"loc":{"start":{"line":86,"column":24},"end":{"line":86,"column":87}},"line":86}},"branchMap":{"0":{"loc":{"start":{"line":13,"column":4},"end":{"line":21,"column":5}},"type":"if","locations":[{"start":{"line":13,"column":4},"end":{"line":21,"column":5}},{"start":{"line":19,"column":11},"end":{"line":21,"column":5}}],"line":13},"1":{"loc":{"start":{"line":14,"column":8},"end":{"line":16,"column":38}},"type":"binary-expr","locations":[{"start":{"line":14,"column":8},"end":{"line":14,"column":38}},{"start":{"line":15,"column":8},"end":{"line":15,"column":37}},{"start":{"line":16,"column":8},"end":{"line":16,"column":38}}],"line":14},"2":{"loc":{"start":{"line":61,"column":12},"end":{"line":61,"column":60}},"type":"if","locations":[{"start":{"line":61,"column":12},"end":{"line":61,"column":60}},{"start":{},"end":{}}],"line":61},"3":{"loc":{"start":{"line":62,"column":12},"end":{"line":62,"column":66}},"type":"if","locations":[{"start":{"line":62,"column":12},"end":{"line":62,"column":66}},{"start":{},"end":{}}],"line":62},"4":{"loc":{"start":{"line":63,"column":12},"end":{"line":63,"column":51}},"type":"if","locations":[{"start":{"line":63,"column":12},"end":{"line":63,"column":51}},{"start":{},"end":{}}],"line":63}},"s":{"0":1,"1":0,"2":0,"3":1,"4":0,"5":0,"6":0,"7":1,"8":1,"9":0,"10":0,"11":0,"12":0,"13":1,"14":0,"15":0,"16":0,"17":1,"18":0,"19":0,"20":0,"21":0,"22":1,"23":0,"24":0,"25":0,"26":0,"27":0,"28":0,"29":0,"30":0,"31":0,"32":0,"33":0,"34":0,"35":1,"36":0,"37":0,"38":0,"39":0},"f":{"0":0,"1":0,"2":0,"3":0,"4":0,"5":0,"6":0,"7":0,"8":0,"9":0,"10":0,"11":0,"12":0,"13":0,"14":0,"15":0,"16":0,"17":0,"18":0,"19":0},"b":{"0":[0,0],"1":[0,0,0],"2":[0,0],"3":[0,0],"4":[0,0]},"_coverageSchema":"1a1c01bbd47fc00a2c39e90264f33305004495a9","hash":"f9990b6bd143a34c74e4da2c631175ac99eb6e4d"}
,"/home/txny/Desktop/atlp/learn-express/controllers/commentController.js": {"path":"/home/txny/Desktop/atlp/learn-express/controllers/commentController.js","statementMap":{"0":{"start":{"line":4,"column":30},"end":{"line":27,"column":1}},"1":{"start":{"line":5,"column":19},"end":{"line":5,"column":32}},"2":{"start":{"line":6,"column":20},"end":{"line":10,"column":6}},"3":{"start":{"line":11,"column":17},"end":{"line":11,"column":37}},"4":{"start":{"line":12,"column":4},"end":{"line":26,"column":68}},"5":{"start":{"line":13,"column":8},"end":{"line":25,"column":14}},"6":{"start":{"line":16,"column":16},"end":{"line":18,"column":19}},"7":{"start":{"line":19,"column":16},"end":{"line":19,"column":63}},"8":{"start":{"line":22,"column":16},"end":{"line":24,"column":71}},"9":{"start":{"line":26,"column":11},"end":{"line":26,"column":68}},"10":{"start":{"line":29,"column":28},"end":{"line":42,"column":1}},"11":{"start":{"line":30,"column":19},"end":{"line":30,"column":32}},"12":{"start":{"line":31,"column":4},"end":{"line":41,"column":62}},"13":{"start":{"line":33,"column":29},"end":{"line":33,"column":31}},"14":{"start":{"line":34,"column":33},"end":{"line":34,"column":46}},"15":{"start":{"line":35,"column":12},"end":{"line":38,"column":13}},"16":{"start":{"line":35,"column":25},"end":{"line":35,"column":26}},"17":{"start":{"line":36,"column":36},"end":{"line":36,"column":75}},"18":{"start":{"line":37,"column":16},"end":{"line":37,"column":43}},"19":{"start":{"line":39,"column":12},"end":{"line":39,"column":57}},"20":{"start":{"line":41,"column":24},"end":{"line":41,"column":60}}},"fnMap":{"0":{"name":"(anonymous_0)","decl":{"start":{"line":4,"column":30},"end":{"line":4,"column":31}},"loc":{"start":{"line":4,"column":44},"end":{"line":27,"column":1}},"line":4},"1":{"name":"(anonymous_1)","decl":{"start":{"line":15,"column":18},"end":{"line":15,"column":19}},"loc":{"start":{"line":15,"column":34},"end":{"line":20,"column":13}},"line":15},"2":{"name":"(anonymous_2)","decl":{"start":{"line":21,"column":19},"end":{"line":21,"column":20}},"loc":{"start":{"line":22,"column":16},"end":{"line":24,"column":71}},"line":22},"3":{"name":"(anonymous_3)","decl":{"start":{"line":29,"column":28},"end":{"line":29,"column":29}},"loc":{"start":{"line":29,"column":42},"end":{"line":42,"column":1}},"line":29},"4":{"name":"(anonymous_4)","decl":{"start":{"line":32,"column":14},"end":{"line":32,"column":15}},"loc":{"start":{"line":32,"column":30},"end":{"line":40,"column":9}},"line":32},"5":{"name":"(anonymous_5)","decl":{"start":{"line":41,"column":15},"end":{"line":41,"column":16}},"loc":{"start":{"line":41,"column":24},"end":{"line":41,"column":60}},"line":41}},"branchMap":{"0":{"loc":{"start":{"line":12,"column":4},"end":{"line":26,"column":68}},"type":"if","locations":[{"start":{"line":12,"column":4},"end":{"line":26,"column":68}},{"start":{"line":26,"column":11},"end":{"line":26,"column":68}}],"line":12}},"s":{"0":1,"1":0,"2":0,"3":0,"4":0,"5":0,"6":0,"7":0,"8":0,"9":0,"10":1,"11":0,"12":0,"13":0,"14":0,"15":0,"16":0,"17":0,"18":0,"19":0,"20":0},"f":{"0":0,"1":0,"2":0,"3":0,"4":0,"5":0},"b":{"0":[0,0]},"_coverageSchema":"1a1c01bbd47fc00a2c39e90264f33305004495a9","hash":"83c1823aa2507cc703d769c75d96ebb3f432c08c"}
,"/home/txny/Desktop/atlp/learn-express/controllers/likeController.js": {"path":"/home/txny/Desktop/atlp/learn-express/controllers/likeController.js","statementMap":{"0":{"start":{"line":3,"column":20},"end":{"line":17,"column":1}},"1":{"start":{"line":4,"column":19},"end":{"line":4,"column":32}},"2":{"start":{"line":5,"column":17},"end":{"line":5,"column":37}},"3":{"start":{"line":6,"column":4},"end":{"line":16,"column":68}},"4":{"start":{"line":7,"column":8},"end":{"line":15,"column":14}},"5":{"start":{"line":9,"column":16},"end":{"line":11,"column":75}},"6":{"start":{"line":14,"column":16},"end":{"line":14,"column":79}},"7":{"start":{"line":16,"column":11},"end":{"line":16,"column":68}},"8":{"start":{"line":19,"column":27},"end":{"line":32,"column":1}},"9":{"start":{"line":20,"column":19},"end":{"line":20,"column":32}},"10":{"start":{"line":21,"column":17},"end":{"line":21,"column":37}},"11":{"start":{"line":22,"column":4},"end":{"line":31,"column":68}},"12":{"start":{"line":23,"column":8},"end":{"line":30,"column":14}},"13":{"start":{"line":24,"column":28},"end":{"line":24,"column":71}},"14":{"start":{"line":26,"column":16},"end":{"line":29,"column":18}},"15":{"start":{"line":31,"column":11},"end":{"line":31,"column":68}},"16":{"start":{"line":33,"column":22},"end":{"line":48,"column":1}},"17":{"start":{"line":34,"column":17},"end":{"line":34,"column":30}},"18":{"start":{"line":35,"column":17},"end":{"line":35,"column":37}},"19":{"start":{"line":36,"column":4},"end":{"line":47,"column":5}},"20":{"start":{"line":37,"column":8},"end":{"line":39,"column":9}},"21":{"start":{"line":38,"column":12},"end":{"line":38,"column":65}},"22":{"start":{"line":40,"column":8},"end":{"line":46,"column":14}},"23":{"start":{"line":42,"column":16},"end":{"line":42,"column":88}},"24":{"start":{"line":45,"column":16},"end":{"line":45,"column":81}}},"fnMap":{"0":{"name":"(anonymous_0)","decl":{"start":{"line":3,"column":20},"end":{"line":3,"column":21}},"loc":{"start":{"line":3,"column":34},"end":{"line":17,"column":1}},"line":3},"1":{"name":"(anonymous_1)","decl":{"start":{"line":8,"column":18},"end":{"line":8,"column":19}},"loc":{"start":{"line":9,"column":16},"end":{"line":11,"column":75}},"line":9},"2":{"name":"(anonymous_2)","decl":{"start":{"line":13,"column":19},"end":{"line":13,"column":20}},"loc":{"start":{"line":14,"column":16},"end":{"line":14,"column":79}},"line":14},"3":{"name":"(anonymous_3)","decl":{"start":{"line":19,"column":27},"end":{"line":19,"column":28}},"loc":{"start":{"line":19,"column":41},"end":{"line":32,"column":1}},"line":19},"4":{"name":"(anonymous_4)","decl":{"start":{"line":24,"column":18},"end":{"line":24,"column":19}},"loc":{"start":{"line":24,"column":28},"end":{"line":24,"column":71}},"line":24},"5":{"name":"(anonymous_5)","decl":{"start":{"line":25,"column":19},"end":{"line":25,"column":20}},"loc":{"start":{"line":26,"column":16},"end":{"line":29,"column":18}},"line":26},"6":{"name":"(anonymous_6)","decl":{"start":{"line":33,"column":22},"end":{"line":33,"column":23}},"loc":{"start":{"line":33,"column":36},"end":{"line":48,"column":1}},"line":33},"7":{"name":"(anonymous_7)","decl":{"start":{"line":41,"column":18},"end":{"line":41,"column":19}},"loc":{"start":{"line":42,"column":16},"end":{"line":42,"column":88}},"line":42},"8":{"name":"(anonymous_8)","decl":{"start":{"line":44,"column":19},"end":{"line":44,"column":20}},"loc":{"start":{"line":45,"column":16},"end":{"line":45,"column":81}},"line":45}},"branchMap":{"0":{"loc":{"start":{"line":6,"column":4},"end":{"line":16,"column":68}},"type":"if","locations":[{"start":{"line":6,"column":4},"end":{"line":16,"column":68}},{"start":{"line":16,"column":11},"end":{"line":16,"column":68}}],"line":6},"1":{"loc":{"start":{"line":22,"column":4},"end":{"line":31,"column":68}},"type":"if","locations":[{"start":{"line":22,"column":4},"end":{"line":31,"column":68}},{"start":{"line":31,"column":11},"end":{"line":31,"column":68}}],"line":22},"2":{"loc":{"start":{"line":36,"column":4},"end":{"line":47,"column":5}},"type":"if","locations":[{"start":{"line":36,"column":4},"end":{"line":47,"column":5}},{"start":{},"end":{}}],"line":36},"3":{"loc":{"start":{"line":37,"column":8},"end":{"line":39,"column":9}},"type":"if","locations":[{"start":{"line":37,"column":8},"end":{"line":39,"column":9}},{"start":{},"end":{}}],"line":37}},"s":{"0":1,"1":0,"2":0,"3":0,"4":0,"5":0,"6":0,"7":0,"8":1,"9":0,"10":0,"11":0,"12":0,"13":0,"14":0,"15":0,"16":1,"17":0,"18":0,"19":0,"20":0,"21":0,"22":0,"23":0,"24":0},"f":{"0":0,"1":0,"2":0,"3":0,"4":0,"5":0,"6":0,"7":0,"8":0},"b":{"0":[0,0],"1":[0,0],"2":[0,0],"3":[0,0]},"_coverageSchema":"1a1c01bbd47fc00a2c39e90264f33305004495a9","hash":"1a0a59030a211b984855a50a214727bfc8827fff"}
,"/home/txny/Desktop/atlp/learn-express/controllers/messageController.js": {"path":"/home/txny/Desktop/atlp/learn-express/controllers/messageController.js","statementMap":{"0":{"start":{"line":3,"column":30},"end":{"line":15,"column":1}},"1":{"start":{"line":4,"column":20},"end":{"line":10,"column":6}},"2":{"start":{"line":11,"column":4},"end":{"line":14,"column":62}},"3":{"start":{"line":13,"column":24},"end":{"line":13,"column":63}},"4":{"start":{"line":14,"column":24},"end":{"line":14,"column":60}},"5":{"start":{"line":17,"column":28},"end":{"line":25,"column":1}},"6":{"start":{"line":18,"column":4},"end":{"line":24,"column":10}},"7":{"start":{"line":20,"column":12},"end":{"line":20,"column":60}},"8":{"start":{"line":23,"column":12},"end":{"line":23,"column":78}},"9":{"start":{"line":27,"column":31},"end":{"line":38,"column":1}},"10":{"start":{"line":28,"column":15},"end":{"line":28,"column":28}},"11":{"start":{"line":29,"column":4},"end":{"line":37,"column":10}},"12":{"start":{"line":31,"column":12},"end":{"line":32,"column":76}},"13":{"start":{"line":32,"column":16},"end":{"line":32,"column":76}},"14":{"start":{"line":33,"column":12},"end":{"line":33,"column":62}},"15":{"start":{"line":36,"column":12},"end":{"line":36,"column":78}},"16":{"start":{"line":40,"column":30},"end":{"line":52,"column":1}},"17":{"start":{"line":41,"column":15},"end":{"line":41,"column":28}},"18":{"start":{"line":42,"column":4},"end":{"line":51,"column":11}},"19":{"start":{"line":44,"column":12},"end":{"line":46,"column":75}},"20":{"start":{"line":49,"column":12},"end":{"line":49,"column":29}},"21":{"start":{"line":50,"column":12},"end":{"line":50,"column":75}}},"fnMap":{"0":{"name":"(anonymous_0)","decl":{"start":{"line":3,"column":30},"end":{"line":3,"column":31}},"loc":{"start":{"line":3,"column":44},"end":{"line":15,"column":1}},"line":3},"1":{"name":"(anonymous_1)","decl":{"start":{"line":13,"column":14},"end":{"line":13,"column":15}},"loc":{"start":{"line":13,"column":24},"end":{"line":13,"column":63}},"line":13},"2":{"name":"(anonymous_2)","decl":{"start":{"line":14,"column":15},"end":{"line":14,"column":16}},"loc":{"start":{"line":14,"column":24},"end":{"line":14,"column":60}},"line":14},"3":{"name":"(anonymous_3)","decl":{"start":{"line":17,"column":28},"end":{"line":17,"column":29}},"loc":{"start":{"line":17,"column":42},"end":{"line":25,"column":1}},"line":17},"4":{"name":"(anonymous_4)","decl":{"start":{"line":19,"column":14},"end":{"line":19,"column":15}},"loc":{"start":{"line":20,"column":12},"end":{"line":20,"column":60}},"line":20},"5":{"name":"(anonymous_5)","decl":{"start":{"line":22,"column":15},"end":{"line":22,"column":16}},"loc":{"start":{"line":23,"column":12},"end":{"line":23,"column":78}},"line":23},"6":{"name":"(anonymous_6)","decl":{"start":{"line":27,"column":31},"end":{"line":27,"column":32}},"loc":{"start":{"line":27,"column":45},"end":{"line":38,"column":1}},"line":27},"7":{"name":"(anonymous_7)","decl":{"start":{"line":30,"column":14},"end":{"line":30,"column":15}},"loc":{"start":{"line":30,"column":27},"end":{"line":34,"column":9}},"line":30},"8":{"name":"(anonymous_8)","decl":{"start":{"line":35,"column":15},"end":{"line":35,"column":16}},"loc":{"start":{"line":36,"column":12},"end":{"line":36,"column":78}},"line":36},"9":{"name":"(anonymous_9)","decl":{"start":{"line":40,"column":30},"end":{"line":40,"column":31}},"loc":{"start":{"line":40,"column":44},"end":{"line":52,"column":1}},"line":40},"10":{"name":"(anonymous_10)","decl":{"start":{"line":43,"column":14},"end":{"line":43,"column":15}},"loc":{"start":{"line":44,"column":12},"end":{"line":46,"column":75}},"line":44},"11":{"name":"(anonymous_11)","decl":{"start":{"line":48,"column":15},"end":{"line":48,"column":16}},"loc":{"start":{"line":48,"column":24},"end":{"line":51,"column":9}},"line":48}},"branchMap":{"0":{"loc":{"start":{"line":31,"column":12},"end":{"line":32,"column":76}},"type":"if","locations":[{"start":{"line":31,"column":12},"end":{"line":32,"column":76}},{"start":{},"end":{}}],"line":31}},"s":{"0":1,"1":0,"2":0,"3":0,"4":0,"5":1,"6":0,"7":0,"8":0,"9":1,"10":0,"11":0,"12":0,"13":0,"14":0,"15":0,"16":1,"17":0,"18":0,"19":0,"20":0,"21":0},"f":{"0":0,"1":0,"2":0,"3":0,"4":0,"5":0,"6":0,"7":0,"8":0,"9":0,"10":0,"11":0},"b":{"0":[0,0]},"_coverageSchema":"1a1c01bbd47fc00a2c39e90264f33305004495a9","hash":"c6f049f4de084d816e120ec65f6b55bee360a564"}
,"/home/txny/Desktop/atlp/learn-express/models/Blogs.js": {"path":"/home/txny/Desktop/atlp/learn-express/models/Blogs.js","statementMap":{"0":{"start":{"line":3,"column":19},"end":{"line":18,"column":1}},"1":{"start":{"line":20,"column":13},"end":{"line":20,"column":48}}},"fnMap":{},"branchMap":{},"s":{"0":1,"1":1},"f":{},"b":{},"_coverageSchema":"1a1c01bbd47fc00a2c39e90264f33305004495a9","hash":"918de895d204952aaccc61405ddae66fcab911b1"}
,"/home/txny/Desktop/atlp/learn-express/models/Comments.js": {"path":"/home/txny/Desktop/atlp/learn-express/models/Comments.js","statementMap":{"0":{"start":{"line":3,"column":22},"end":{"line":17,"column":1}},"1":{"start":{"line":19,"column":16},"end":{"line":19,"column":56}}},"fnMap":{},"branchMap":{},"s":{"0":1,"1":1},"f":{},"b":{},"_coverageSchema":"1a1c01bbd47fc00a2c39e90264f33305004495a9","hash":"723bda4168ecd89bdd0a1f1650f16e4d1d36f054"}
,"/home/txny/Desktop/atlp/learn-express/models/Messages.js": {"path":"/home/txny/Desktop/atlp/learn-express/models/Messages.js","statementMap":{"0":{"start":{"line":3,"column":22},"end":{"line":20,"column":1}},"1":{"start":{"line":22,"column":16},"end":{"line":22,"column":56}}},"fnMap":{},"branchMap":{},"s":{"0":1,"1":1},"f":{},"b":{},"_coverageSchema":"1a1c01bbd47fc00a2c39e90264f33305004495a9","hash":"0733493ad61bdadd03223e3b9259aad8d5964ad3"}
,"/home/txny/Desktop/atlp/learn-express/models/Users.js": {"path":"/home/txny/Desktop/atlp/learn-express/models/Users.js","statementMap":{"0":{"start":{"line":4,"column":19},"end":{"line":17,"column":1}},"1":{"start":{"line":19,"column":13},"end":{"line":19,"column":47}}},"fnMap":{},"branchMap":{},"s":{"0":1,"1":1},"f":{},"b":{},"_coverageSchema":"1a1c01bbd47fc00a2c39e90264f33305004495a9","hash":"ab48147755c6c6d1a7fbbb48353261019ff0b0dc"}
,"/home/txny/Desktop/atlp/learn-express/routes/authRoutes.js": {"path":"/home/txny/Desktop/atlp/learn-express/routes/authRoutes.js","statementMap":{"0":{"start":{"line":7,"column":19},"end":{"line":7,"column":35}},"1":{"start":{"line":9,"column":0},"end":{"line":13,"column":2}},"2":{"start":{"line":15,"column":0},"end":{"line":18,"column":2}}},"fnMap":{},"branchMap":{},"s":{"0":1,"1":1,"2":1},"f":{},"b":{},"_coverageSchema":"1a1c01bbd47fc00a2c39e90264f33305004495a9","hash":"15aa6773be109b0c101b8b3453e7e2cf20d75d71"}
,"/home/txny/Desktop/atlp/learn-express/routes/blogRoutes.js": {"path":"/home/txny/Desktop/atlp/learn-express/routes/blogRoutes.js","statementMap":{"0":{"start":{"line":19,"column":20},"end":{"line":19,"column":36}},"1":{"start":{"line":21,"column":0},"end":{"line":21,"column":32}},"2":{"start":{"line":22,"column":0},"end":{"line":22,"column":38}},"3":{"start":{"line":23,"column":0},"end":{"line":29,"column":2}},"4":{"start":{"line":30,"column":0},"end":{"line":36,"column":2}},"5":{"start":{"line":37,"column":0},"end":{"line":37,"column":40}},"6":{"start":{"line":39,"column":0},"end":{"line":39,"column":69}},"7":{"start":{"line":40,"column":0},"end":{"line":40,"column":47}},"8":{"start":{"line":42,"column":0},"end":{"line":42,"column":36}},"9":{"start":{"line":43,"column":0},"end":{"line":43,"column":42}},"10":{"start":{"line":44,"column":0},"end":{"line":44,"column":40}}},"fnMap":{},"branchMap":{},"s":{"0":1,"1":1,"2":1,"3":1,"4":1,"5":1,"6":1,"7":1,"8":1,"9":1,"10":1},"f":{},"b":{},"_coverageSchema":"1a1c01bbd47fc00a2c39e90264f33305004495a9","hash":"9478afdf29b172a585ea35281f9853691a1c5baa"}
,"/home/txny/Desktop/atlp/learn-express/routes/messagesRoutes.js": {"path":"/home/txny/Desktop/atlp/learn-express/routes/messagesRoutes.js","statementMap":{"0":{"start":{"line":12,"column":23},"end":{"line":12,"column":39}},"1":{"start":{"line":14,"column":0},"end":{"line":14,"column":60}},"2":{"start":{"line":15,"column":0},"end":{"line":15,"column":52}},"3":{"start":{"line":16,"column":0},"end":{"line":16,"column":58}},"4":{"start":{"line":17,"column":0},"end":{"line":17,"column":60}}},"fnMap":{},"branchMap":{},"s":{"0":1,"1":1,"2":1,"3":1,"4":1},"f":{},"b":{},"_coverageSchema":"1a1c01bbd47fc00a2c39e90264f33305004495a9","hash":"4b6fec1d5bd83b48ca3f32234e2f7979fc7e5cb3"}
,"/home/txny/Desktop/atlp/learn-express/validations/authValidator.js": {"path":"/home/txny/Desktop/atlp/learn-express/validations/authValidator.js","statementMap":{"0":{"start":{"line":4,"column":4},"end":{"line":4,"column":60}},"1":{"start":{"line":5,"column":19},"end":{"line":8,"column":2}},"2":{"start":{"line":10,"column":23},"end":{"line":17,"column":1}},"3":{"start":{"line":11,"column":18},"end":{"line":11,"column":70}},"4":{"start":{"line":12,"column":4},"end":{"line":16,"column":5}},"5":{"start":{"line":13,"column":8},"end":{"line":13,"column":66}},"6":{"start":{"line":15,"column":8},"end":{"line":15,"column":15}}},"fnMap":{"0":{"name":"(anonymous_0)","decl":{"start":{"line":10,"column":23},"end":{"line":10,"column":24}},"loc":{"start":{"line":10,"column":49},"end":{"line":17,"column":1}},"line":10}},"branchMap":{"0":{"loc":{"start":{"line":12,"column":4},"end":{"line":16,"column":5}},"type":"if","locations":[{"start":{"line":12,"column":4},"end":{"line":16,"column":5}},{"start":{"line":14,"column":11},"end":{"line":16,"column":5}}],"line":12}},"s":{"0":1,"1":1,"2":1,"3":3,"4":3,"5":1,"6":2},"f":{"0":3},"b":{"0":[1,2]},"_coverageSchema":"1a1c01bbd47fc00a2c39e90264f33305004495a9","hash":"998dd866ce9586b1b94693ba79cd55f560a99f0d"}
,"/home/txny/Desktop/atlp/learn-express/validations/blogValidator.js": {"path":"/home/txny/Desktop/atlp/learn-express/validations/blogValidator.js","statementMap":{"0":{"start":{"line":3,"column":19},"end":{"line":6,"column":2}},"1":{"start":{"line":8,"column":23},"end":{"line":15,"column":1}},"2":{"start":{"line":9,"column":18},"end":{"line":9,"column":70}},"3":{"start":{"line":10,"column":4},"end":{"line":14,"column":5}},"4":{"start":{"line":11,"column":8},"end":{"line":11,"column":68}},"5":{"start":{"line":13,"column":8},"end":{"line":13,"column":15}}},"fnMap":{"0":{"name":"(anonymous_0)","decl":{"start":{"line":8,"column":23},"end":{"line":8,"column":24}},"loc":{"start":{"line":8,"column":49},"end":{"line":15,"column":1}},"line":8}},"branchMap":{"0":{"loc":{"start":{"line":10,"column":4},"end":{"line":14,"column":5}},"type":"if","locations":[{"start":{"line":10,"column":4},"end":{"line":14,"column":5}},{"start":{"line":12,"column":11},"end":{"line":14,"column":5}}],"line":10}},"s":{"0":1,"1":1,"2":0,"3":0,"4":0,"5":0},"f":{"0":0},"b":{"0":[0,0]},"_coverageSchema":"1a1c01bbd47fc00a2c39e90264f33305004495a9","hash":"972faaf0940211c6b0b4cea8f21e94c7e8deeb1a"}
,"/home/txny/Desktop/atlp/learn-express/validations/commentValidator.js": {"path":"/home/txny/Desktop/atlp/learn-express/validations/commentValidator.js","statementMap":{"0":{"start":{"line":3,"column":22},"end":{"line":6,"column":2}},"1":{"start":{"line":8,"column":26},"end":{"line":15,"column":1}},"2":{"start":{"line":9,"column":18},"end":{"line":9,"column":77}},"3":{"start":{"line":10,"column":4},"end":{"line":14,"column":5}},"4":{"start":{"line":11,"column":8},"end":{"line":11,"column":66}},"5":{"start":{"line":13,"column":8},"end":{"line":13,"column":15}}},"fnMap":{"0":{"name":"(anonymous_0)","decl":{"start":{"line":8,"column":26},"end":{"line":8,"column":27}},"loc":{"start":{"line":8,"column":52},"end":{"line":15,"column":1}},"line":8}},"branchMap":{"0":{"loc":{"start":{"line":10,"column":4},"end":{"line":14,"column":5}},"type":"if","locations":[{"start":{"line":10,"column":4},"end":{"line":14,"column":5}},{"start":{"line":12,"column":11},"end":{"line":14,"column":5}}],"line":10}},"s":{"0":1,"1":1,"2":0,"3":0,"4":0,"5":0},"f":{"0":0},"b":{"0":[0,0]},"_coverageSchema":"1a1c01bbd47fc00a2c39e90264f33305004495a9","hash":"598ef39b6657ad22d8f4a9d381cc6dd5d290a6c4"}
,"/home/txny/Desktop/atlp/learn-express/validations/messageValidator.js": {"path":"/home/txny/Desktop/atlp/learn-express/validations/messageValidator.js","statementMap":{"0":{"start":{"line":4,"column":4},"end":{"line":4,"column":65}},"1":{"start":{"line":5,"column":22},"end":{"line":11,"column":2}},"2":{"start":{"line":13,"column":26},"end":{"line":21,"column":1}},"3":{"start":{"line":14,"column":18},"end":{"line":14,"column":71}},"4":{"start":{"line":15,"column":4},"end":{"line":20,"column":5}},"5":{"start":{"line":16,"column":8},"end":{"line":16,"column":66}},"6":{"start":{"line":19,"column":8},"end":{"line":19,"column":15}}},"fnMap":{"0":{"name":"(anonymous_0)","decl":{"start":{"line":13,"column":26},"end":{"line":13,"column":27}},"loc":{"start":{"line":13,"column":49},"end":{"line":21,"column":1}},"line":13}},"branchMap":{"0":{"loc":{"start":{"line":15,"column":4},"end":{"line":20,"column":5}},"type":"if","locations":[{"start":{"line":15,"column":4},"end":{"line":20,"column":5}},{"start":{"line":18,"column":8},"end":{"line":20,"column":5}}],"line":15}},"s":{"0":1,"1":1,"2":1,"3":0,"4":0,"5":0,"6":0},"f":{"0":0},"b":{"0":[0,0]},"_coverageSchema":"1a1c01bbd47fc00a2c39e90264f33305004495a9","hash":"d3395ea63b77fcfa0bbfa43d58768dc51ce89bf9"}
}
