TN:
SF:index.js
FN:14,(anonymous_0)
FN:23,(anonymous_1)
FN:39,(anonymous_2)
FNF:3
FNH:3
FNDA:1,(anonymous_0)
FNDA:1,(anonymous_1)
FNDA:7,(anonymous_2)
DA:14,1
DA:15,1
DA:16,1
DA:19,1
DA:21,1
DA:24,1
DA:26,1
DA:27,1
DA:28,1
DA:30,1
DA:31,1
DA:32,1
DA:34,1
DA:35,1
DA:36,1
DA:37,1
DA:39,1
DA:40,7
DA:41,7
LF:19
LH:19
BRDA:40,0,0,7
BRDA:40,0,1,7
BRF:2
BRH:2
end_of_record
TN:
SF:auth/auth.js
FN:9,(anonymous_0)
FN:23,(anonymous_1)
FN:27,(anonymous_2)
FN:29,(anonymous_3)
FN:45,(anonymous_4)
FN:53,(anonymous_5)
FNF:6
FNH:6
FNDA:1,(anonymous_0)
FNDA:2,(anonymous_1)
FNDA:1,(anonymous_2)
FNDA:1,(anonymous_3)
FNDA:23,(anonymous_4)
FNDA:18,(anonymous_5)
DA:7,1
DA:9,1
DA:10,1
DA:18,1
DA:24,2
DA:25,2
DA:26,2
DA:27,1
DA:28,1
DA:29,1
DA:30,1
DA:32,1
DA:33,1
DA:35,1
DA:36,1
DA:40,0
DA:45,1
DA:46,23
DA:48,23
DA:49,5
DA:51,23
DA:52,23
DA:53,18
DA:54,18
DA:55,5
DA:59,13
DA:60,13
DA:63,5
DA:67,1
LF:29
LH:28
BRDA:26,0,0,1
BRDA:26,0,1,1
BRDA:28,1,0,0
BRDA:28,1,1,1
BRDA:30,2,0,0
BRDA:30,2,1,1
BRDA:48,3,0,5
BRDA:48,3,1,18
BRDA:54,4,0,5
BRDA:54,4,1,13
BRF:10
BRH:8
end_of_record
TN:
SF:controllers/authController.js
FN:8,(anonymous_0)
FN:15,(anonymous_1)
FNF:2
FNH:2
FNDA:1,(anonymous_0)
FNDA:3,(anonymous_1)
DA:5,1
DA:6,1
DA:8,1
DA:9,1
DA:15,1
DA:16,3
DA:17,3
DA:18,3
DA:19,3
DA:20,2
DA:22,1
DA:23,1
DA:24,1
DA:25,1
DA:31,0
DA:33,0
LF:16
LH:14
BRDA:19,0,0,2
BRDA:19,0,1,1
BRDA:22,1,0,1
BRDA:22,1,1,0
BRF:4
BRH:3
end_of_record
TN:
SF:controllers/blogController.js
FN:5,(anonymous_0)
FN:8,(anonymous_1)
FN:12,(anonymous_2)
FN:29,(anonymous_3)
FN:36,(anonymous_4)
FN:41,(anonymous_5)
FN:46,(anonymous_6)
FN:48,(anonymous_7)
FN:49,(anonymous_8)
FN:51,(anonymous_9)
FN:54,(anonymous_10)
FN:55,(anonymous_11)
FN:57,(anonymous_12)
FN:60,(anonymous_13)
FN:66,(anonymous_14)
FN:67,(anonymous_15)
FN:73,(anonymous_16)
FN:80,(anonymous_17)
FN:83,(anonymous_18)
FN:86,(anonymous_19)
FNF:20
FNH:17
FNDA:4,(anonymous_0)
FNDA:4,(anonymous_1)
FNDA:4,(anonymous_2)
FNDA:2,(anonymous_3)
FNDA:1,(anonymous_4)
FNDA:0,(anonymous_5)
FNDA:11,(anonymous_6)
FNDA:11,(anonymous_7)
FNDA:0,(anonymous_8)
FNDA:2,(anonymous_9)
FNDA:1,(anonymous_10)
FNDA:1,(anonymous_11)
FNDA:2,(anonymous_12)
FNDA:1,(anonymous_13)
FNDA:1,(anonymous_14)
FNDA:0,(anonymous_15)
FNDA:1,(anonymous_16)
FNDA:2,(anonymous_17)
FNDA:1,(anonymous_18)
FNDA:1,(anonymous_19)
DA:4,1
DA:6,4
DA:9,4
DA:12,1
DA:13,4
DA:18,4
DA:20,0
DA:23,1
DA:29,1
DA:30,2
DA:35,1
DA:37,1
DA:42,0
DA:46,1
DA:47,11
DA:48,11
DA:49,0
DA:51,1
DA:52,2
DA:53,2
DA:54,1
DA:55,1
DA:57,1
DA:58,2
DA:59,2
DA:61,1
DA:62,1
DA:63,1
DA:65,1
DA:66,1
DA:68,0
DA:74,1
DA:80,1
DA:81,2
DA:82,2
DA:84,1
DA:86,1
LF:37
LH:33
BRDA:13,0,0,4
BRDA:13,0,1,0
BRDA:14,1,0,4
BRDA:14,1,1,0
BRDA:14,1,2,0
BRDA:61,2,0,1
BRDA:61,2,1,0
BRDA:62,3,0,1
BRDA:62,3,1,0
BRDA:63,4,0,1
BRDA:63,4,1,0
BRF:11
BRH:5
end_of_record
TN:
SF:controllers/commentController.js
FN:4,(anonymous_0)
FN:15,(anonymous_1)
FN:21,(anonymous_2)
FN:29,(anonymous_3)
FN:32,(anonymous_4)
FN:41,(anonymous_5)
FNF:6
FNH:6
FNDA:2,(anonymous_0)
FNDA:1,(anonymous_1)
FNDA:1,(anonymous_2)
FNDA:2,(anonymous_3)
FNDA:1,(anonymous_4)
FNDA:1,(anonymous_5)
DA:4,1
DA:5,2
DA:6,2
DA:11,2
DA:12,2
DA:13,2
DA:16,1
DA:19,1
DA:22,1
DA:26,0
DA:29,1
DA:30,2
DA:31,2
DA:33,1
DA:34,1
DA:35,1
DA:36,1
DA:37,1
DA:39,1
DA:41,1
LF:20
LH:19
BRDA:12,0,0,2
BRDA:12,0,1,0
BRF:2
BRH:1
end_of_record
TN:
SF:controllers/likeController.js
FN:3,(anonymous_0)
FN:8,(anonymous_1)
FN:13,(anonymous_2)
FN:19,(anonymous_3)
FN:24,(anonymous_4)
FN:25,(anonymous_5)
FN:33,(anonymous_6)
FN:41,(anonymous_7)
FN:44,(anonymous_8)
FNF:9
FNH:8
FNDA:3,(anonymous_0)
FNDA:2,(anonymous_1)
FNDA:1,(anonymous_2)
FNDA:1,(anonymous_3)
FNDA:0,(anonymous_4)
FNDA:1,(anonymous_5)
FNDA:2,(anonymous_6)
FNDA:1,(anonymous_7)
FNDA:1,(anonymous_8)
DA:3,1
DA:4,3
DA:5,3
DA:6,3
DA:7,3
DA:9,2
DA:14,1
DA:16,0
DA:19,1
DA:20,1
DA:21,1
DA:22,1
DA:23,1
DA:24,0
DA:26,1
DA:31,0
DA:33,1
DA:34,2
DA:35,2
DA:36,2
DA:37,2
DA:38,0
DA:40,2
DA:42,1
DA:45,1
LF:25
LH:21
BRDA:6,0,0,3
BRDA:6,0,1,0
BRDA:22,1,0,1
BRDA:22,1,1,0
BRDA:36,2,0,2
BRDA:36,2,1,0
BRDA:37,3,0,0
BRDA:37,3,1,2
BRF:8
BRH:4
end_of_record
TN:
SF:controllers/messageController.js
FN:3,(anonymous_0)
FN:13,(anonymous_1)
FN:14,(anonymous_2)
FN:17,(anonymous_3)
FN:19,(anonymous_4)
FN:22,(anonymous_5)
FN:27,(anonymous_6)
FN:30,(anonymous_7)
FN:35,(anonymous_8)
FN:40,(anonymous_9)
FN:43,(anonymous_10)
FN:48,(anonymous_11)
FNF:12
FNH:10
FNDA:1,(anonymous_0)
FNDA:1,(anonymous_1)
FNDA:0,(anonymous_2)
FNDA:3,(anonymous_3)
FNDA:3,(anonymous_4)
FNDA:0,(anonymous_5)
FNDA:2,(anonymous_6)
FNDA:1,(anonymous_7)
FNDA:1,(anonymous_8)
FNDA:2,(anonymous_9)
FNDA:1,(anonymous_10)
FNDA:1,(anonymous_11)
DA:3,1
DA:4,1
DA:11,1
DA:13,1
DA:14,0
DA:17,1
DA:18,3
DA:20,3
DA:23,0
DA:27,1
DA:28,2
DA:29,2
DA:31,1
DA:32,0
DA:33,1
DA:36,1
DA:40,1
DA:41,2
DA:42,2
DA:44,1
DA:49,1
LF:21
LH:18
BRDA:31,0,0,0
BRDA:31,0,1,1
BRF:2
BRH:1
end_of_record
TN:
SF:models/Blogs.js
FNF:0
FNH:0
DA:3,1
DA:20,1
LF:2
LH:2
BRF:0
BRH:0
end_of_record
TN:
SF:models/Comments.js
FNF:0
FNH:0
DA:3,1
DA:19,1
LF:2
LH:2
BRF:0
BRH:0
end_of_record
TN:
SF:models/Messages.js
FNF:0
FNH:0
DA:3,1
DA:22,1
LF:2
LH:2
BRF:0
BRH:0
end_of_record
TN:
SF:models/Users.js
FNF:0
FNH:0
DA:4,1
DA:19,1
LF:2
LH:2
BRF:0
BRH:0
end_of_record
TN:
SF:routes/authRoutes.js
FNF:0
FNH:0
DA:7,1
DA:9,1
DA:15,1
LF:3
LH:3
BRF:0
BRH:0
end_of_record
TN:
SF:routes/blogRoutes.js
FNF:0
FNH:0
DA:19,1
DA:21,1
DA:22,1
DA:23,1
DA:30,1
DA:37,1
DA:39,1
DA:40,1
DA:42,1
DA:43,1
DA:44,1
LF:11
LH:11
BRF:0
BRH:0
end_of_record
TN:
SF:routes/messagesRoutes.js
FNF:0
FNH:0
DA:12,1
DA:14,1
DA:15,1
DA:16,1
DA:17,1
LF:5
LH:5
BRF:0
BRH:0
end_of_record
TN:
SF:validations/authValidator.js
FN:10,(anonymous_0)
FNF:1
FNH:1
FNDA:3,(anonymous_0)
DA:4,1
DA:5,1
DA:10,1
DA:11,3
DA:12,3
DA:13,1
DA:15,2
LF:7
LH:7
BRDA:12,0,0,1
BRDA:12,0,1,2
BRF:2
BRH:2
end_of_record
TN:
SF:validations/blogValidator.js
FN:8,(anonymous_0)
FNF:1
FNH:1
FNDA:6,(anonymous_0)
DA:3,1
DA:8,1
DA:9,6
DA:10,6
DA:11,2
DA:13,4
LF:6
LH:6
BRDA:10,0,0,2
BRDA:10,0,1,4
BRF:2
BRH:2
end_of_record
TN:
SF:validations/commentValidator.js
FN:8,(anonymous_0)
FNF:1
FNH:1
FNDA:3,(anonymous_0)
DA:3,1
DA:8,1
DA:9,3
DA:10,3
DA:11,1
DA:13,2
LF:6
LH:6
BRDA:10,0,0,1
BRDA:10,0,1,2
BRF:2
BRH:2
end_of_record
TN:
SF:validations/messageValidator.js
FN:13,(anonymous_0)
FNF:1
FNH:1
FNDA:2,(anonymous_0)
DA:4,1
DA:5,1
DA:13,1
DA:14,2
DA:15,2
DA:16,1
DA:19,1
LF:7
LH:7
BRDA:15,0,0,1
BRDA:15,0,1,1
BRF:2
BRH:2
end_of_record
